#
# There is insufficient memory for the Java Runtime Environment to continue.
# Native memory allocation (mmap) failed to map 34603008 bytes for G1 virtual space
# Possible reasons:
#   The system is out of physical RAM or swap space
#   The process is running with CompressedOops enabled, and the Java Heap may be blocking the growth of the native heap
# Possible solutions:
#   Reduce memory load on the system
#   Increase physical memory or swap space
#   Check if swap backing store is full
#   Decrease Java heap size (-Xmx/-Xms)
#   Decrease number of Java threads
#   Decrease Java thread stack sizes (-Xss)
#   Set larger code cache with -XX:ReservedCodeCacheSize=
#   JVM is running with Unscaled Compressed Oops mode in which the Java heap is
#     placed in the first 4GB address space. The Java Heap base address is the
#     maximum limit for the native heap growth. Please use -XX:HeapBaseMinAddress
#     to set the Java Heap base and to place the Java Heap above 4GB virtual address.
# This output file may be truncated or incomplete.
#
#  Out of Memory Error (os_windows.cpp:3548), pid=21996, tid=22404
#
# JRE version: Java(TM) SE Runtime Environment (17.0.12+8) (build 17.0.12+8-LTS-286)
# Java VM: Java HotSpot(TM) 64-Bit Server VM (17.0.12+8-LTS-286, mixed mode, sharing, tiered, compressed oops, compressed class ptrs, g1 gc, windows-amd64)
# No core dump will be written. Minidumps are not enabled by default on client versions of Windows
#

---------------  S U M M A R Y ------------

Command Line: -javaagent:C:\Program Files\JetBrains\IntelliJ IDEA Community Edition 2021.2.2\lib\idea_rt.jar=61136:C:\Program Files\JetBrains\IntelliJ IDEA Community Edition 2021.2.2\bin -Dfile.encoding=UTF-8 co.ccc.pmv.PmvApplication

Host: AMD Ryzen 5 7520U with Radeon Graphics         , 8 cores, 7G,  Windows 11 , 64 bit Build 26100 (10.0.26100.2454)
Time: Tue Mar 11 16:10:32 2025 India Standard Time elapsed time: 25.797624 seconds (0d 0h 0m 25s)

---------------  T H R E A D  ---------------

Current thread (0x000001827d1f73b0):  VMThread "VM Thread" [stack: 0x0000007664c00000,0x0000007664d00000] [id=22404]

Stack: [0x0000007664c00000,0x0000007664d00000]
Native frames: (J=compiled Java code, j=interpreted, Vv=VM code, C=native code)
V  [jvm.dll+0x67a04a]
V  [jvm.dll+0x7da4ed]
V  [jvm.dll+0x7dbe33]
V  [jvm.dll+0x7dc4a3]
V  [jvm.dll+0x24508f]
V  [jvm.dll+0x677089]
V  [jvm.dll+0x66bd32]
V  [jvm.dll+0x301fa6]
V  [jvm.dll+0x309546]
V  [jvm.dll+0x359d2e]
V  [jvm.dll+0x359f5f]
V  [jvm.dll+0x2d9078]
V  [jvm.dll+0x2d74ad]
V  [jvm.dll+0x2d6afc]
V  [jvm.dll+0x31a65b]
V  [jvm.dll+0x7e0d9b]
V  [jvm.dll+0x7e1ad4]
V  [jvm.dll+0x7e1fed]
V  [jvm.dll+0x7e23c4]
V  [jvm.dll+0x7e2490]
V  [jvm.dll+0x78abea]
V  [jvm.dll+0x678f35]
C  [ucrtbase.dll+0x14ea0]
C  [KERNEL32.DLL+0x2e8d7]
C  [ntdll.dll+0xdfbcc]

VM_Operation (0x0000007665bf86f0): G1CollectForAllocation, mode: safepoint, requested by thread 0x000001827e12f3c0


---------------  P R O C E S S  ---------------

Threads class SMR info:
_java_thread_list=0x0000018245b83f10, length=21, elements={
0x000001825f85b7a0, 0x000001827d1fc560, 0x000001827d1fe430, 0x000001827d211f50,
0x000001827d214830, 0x000001827d215c70, 0x000001827d21a8a0, 0x000001827d21b550,
0x000001827d2197a0, 0x000001827d2387a0, 0x000001827d1e5cd0, 0x000001827d5385b0,
0x000001827d91dc00, 0x000001827ddb0e90, 0x000001827e12f3c0, 0x000001827ef706a0,
0x000001827ef72f20, 0x000001827ef71ff0, 0x000001827ef710c0, 0x000001827ef73430,
0x000001827ef58f20
}

Java Threads: ( => current thread )
  0x000001825f85b7a0 JavaThread "main" [_thread_blocked, id=16988, stack(0x0000007664600000,0x0000007664700000)]
  0x000001827d1fc560 JavaThread "Reference Handler" daemon [_thread_blocked, id=10012, stack(0x0000007664d00000,0x0000007664e00000)]
  0x000001827d1fe430 JavaThread "Finalizer" daemon [_thread_blocked, id=18472, stack(0x0000007664e00000,0x0000007664f00000)]
  0x000001827d211f50 JavaThread "Signal Dispatcher" daemon [_thread_blocked, id=14396, stack(0x0000007664f00000,0x0000007665000000)]
  0x000001827d214830 JavaThread "Attach Listener" daemon [_thread_blocked, id=24552, stack(0x0000007665000000,0x0000007665100000)]
  0x000001827d215c70 JavaThread "Service Thread" daemon [_thread_blocked, id=25216, stack(0x0000007665100000,0x0000007665200000)]
  0x000001827d21a8a0 JavaThread "Monitor Deflation Thread" daemon [_thread_blocked, id=12672, stack(0x0000007665200000,0x0000007665300000)]
  0x000001827d21b550 JavaThread "C2 CompilerThread0" daemon [_thread_blocked, id=17096, stack(0x0000007665300000,0x0000007665400000)]
  0x000001827d2197a0 JavaThread "C1 CompilerThread0" daemon [_thread_blocked, id=15160, stack(0x0000007665400000,0x0000007665500000)]
  0x000001827d2387a0 JavaThread "Sweeper thread" daemon [_thread_blocked, id=4456, stack(0x0000007665500000,0x0000007665600000)]
  0x000001827d1e5cd0 JavaThread "Common-Cleaner" daemon [_thread_blocked, id=16648, stack(0x0000007665600000,0x0000007665700000)]
  0x000001827d5385b0 JavaThread "Monitor Ctrl-Break" daemon [_thread_in_native, id=18548, stack(0x0000007665800000,0x0000007665900000)]
  0x000001827d91dc00 JavaThread "Notification Thread" daemon [_thread_blocked, id=22456, stack(0x0000007665900000,0x0000007665a00000)]
  0x000001827ddb0e90 JavaThread "Thread-0" [_thread_blocked, id=13668, stack(0x0000007665700000,0x0000007665800000)]
  0x000001827e12f3c0 JavaThread "restartedMain" [_thread_blocked, id=152, stack(0x0000007665b00000,0x0000007665c00000)]
  0x000001827ef706a0 JavaThread "Catalina-utility-1" [_thread_blocked, id=16796, stack(0x0000007666400000,0x0000007666500000)]
  0x000001827ef72f20 JavaThread "Catalina-utility-2" [_thread_blocked, id=23468, stack(0x0000007666600000,0x0000007666700000)]
  0x000001827ef71ff0 JavaThread "container-0" [_thread_blocked, id=18180, stack(0x0000007666700000,0x0000007666800000)]
  0x000001827ef710c0 JavaThread "mysql-cj-abandoned-connection-cleanup" daemon [_thread_blocked, id=9672, stack(0x0000007666800000,0x0000007666900000)]
  0x000001827ef73430 JavaThread "HikariPool-1 housekeeper" daemon [_thread_blocked, id=19524, stack(0x0000007666a00000,0x0000007666b00000)]
  0x000001827ef58f20 JavaThread "C2 CompilerThread1" daemon [_thread_blocked, id=9140, stack(0x0000007666900000,0x0000007666a00000)]

Other Threads:
=>0x000001827d1f73b0 VMThread "VM Thread" [stack: 0x0000007664c00000,0x0000007664d00000] [id=22404]
  0x000001825f85c1d0 WatcherThread [stack: 0x0000007665a00000,0x0000007665b00000] [id=15020]
  0x000001825f8b0c60 GCTaskThread "GC Thread#0" [stack: 0x0000007664700000,0x0000007664800000] [id=7480]
  0x000001827e5f5640 GCTaskThread "GC Thread#1" [stack: 0x0000007665c00000,0x0000007665d00000] [id=19492]
  0x000001827e5f5900 GCTaskThread "GC Thread#2" [stack: 0x0000007665d00000,0x0000007665e00000] [id=17452]
  0x000001827e5f5bc0 GCTaskThread "GC Thread#3" [stack: 0x0000007665e00000,0x0000007665f00000] [id=11512]
  0x000001827e129090 GCTaskThread "GC Thread#4" [stack: 0x0000007665f00000,0x0000007666000000] [id=9812]
  0x000001827e129350 GCTaskThread "GC Thread#5" [stack: 0x0000007666000000,0x0000007666100000] [id=7088]
  0x000001827df2ddc0 GCTaskThread "GC Thread#6" [stack: 0x0000007666100000,0x0000007666200000] [id=10652]
  0x000001827df2e080 GCTaskThread "GC Thread#7" [stack: 0x0000007666200000,0x0000007666300000] [id=16132]
  0x000001825f8c0370 ConcurrentGCThread "G1 Main Marker" [stack: 0x0000007664800000,0x0000007664900000] [id=24584]
  0x000001825f8c0d80 ConcurrentGCThread "G1 Conc#0" [stack: 0x0000007664900000,0x0000007664a00000] [id=24040]
  0x000001827ef78a00 ConcurrentGCThread "G1 Conc#1" [stack: 0x0000007666500000,0x0000007666600000] [id=22052]
  0x000001827d0b2c50 ConcurrentGCThread "G1 Refine#0" [stack: 0x0000007664a00000,0x0000007664b00000] [id=5332]
  0x000001825f91a5e0 ConcurrentGCThread "G1 Service" [stack: 0x0000007664b00000,0x0000007664c00000] [id=16020]

Threads with active compile tasks:
C2 CompilerThread0    25860 6468       4       org.antlr.v4.runtime.atn.PredictionContext::mergeArrays (809 bytes)
C2 CompilerThread1    25860 6502       4       org.antlr.v4.runtime.misc.Array2DHashSet::getOrAddImpl (146 bytes)

VM state: at safepoint (normal execution)

VM Mutex/Monitor currently owned by a thread:  ([mutex/lock_event])
[0x000001825f857940] Threads_lock - owner thread: 0x000001827d1f73b0
[0x000001825f8570d0] Heap_lock - owner thread: 0x000001827e12f3c0

Heap address: 0x000000008c200000, size: 1854 MB, Compressed Oops mode: 32-bit

CDS archive(s) mapped at: [0x0000018200000000-0x0000018200bd0000-0x0000018200bd0000), size 12386304, SharedBaseAddress: 0x0000018200000000, ArchiveRelocationMode: 1.
Compressed class space mapped at: 0x0000018201000000-0x0000018241000000, reserved size: 1073741824
Narrow klass base: 0x0000018200000000, Narrow klass shift: 0, Narrow klass range: 0x100000000

GC Precious Log:
 CPUs: 8 total, 8 available
 Memory: 7413M
 Large Page Support: Disabled
 NUMA Support: Disabled
 Compressed Oops: Enabled (32-bit)
 Heap Region Size: 1M
 Heap Min Capacity: 8M
 Heap Initial Capacity: 116M
 Heap Max Capacity: 1854M
 Pre-touch: Disabled
 Parallel Workers: 8
 Concurrent Workers: 2
 Concurrent Refinement Workers: 8
 Periodic GC: Disabled

Heap:
 garbage-first heap   total 76800K, used 38423K [0x000000008c200000, 0x0000000100000000)
  region size 1024K, 1 young (1024K), 1 survivors (1024K)
 Metaspace       used 70816K, committed 71424K, reserved 1114112K
  class space    used 9941K, committed 10240K, reserved 1048576K

Heap Regions: E=young(eden), S=young(survivor), O=old, HS=humongous(starts), HC=humongous(continues), CS=collection set, F=free, OA=open archive, CA=closed archive, TAMS=top-at-mark-start (previous, next)
|   0|0x000000008c200000, 0x000000008c300000, 0x000000008c300000|100%|HS|  |TAMS 0x000000008c300000, 0x000000008c200000| Complete 
|   1|0x000000008c300000, 0x000000008c400000, 0x000000008c400000|100%|HS|  |TAMS 0x000000008c400000, 0x000000008c300000| Complete 
|   2|0x000000008c400000, 0x000000008c500000, 0x000000008c500000|100%| O|  |TAMS 0x000000008c500000, 0x000000008c400000| Untracked 
|   3|0x000000008c500000, 0x000000008c600000, 0x000000008c600000|100%| O|  |TAMS 0x000000008c600000, 0x000000008c500000| Untracked 
|   4|0x000000008c600000, 0x000000008c700000, 0x000000008c700000|100%| O|  |TAMS 0x000000008c700000, 0x000000008c600000| Untracked 
|   5|0x000000008c700000, 0x000000008c800000, 0x000000008c800000|100%| O|  |TAMS 0x000000008c800000, 0x000000008c700000| Untracked 
|   6|0x000000008c800000, 0x000000008c900000, 0x000000008c900000|100%| O|  |TAMS 0x000000008c900000, 0x000000008c800000| Untracked 
|   7|0x000000008c900000, 0x000000008ca00000, 0x000000008ca00000|100%| O|  |TAMS 0x000000008ca00000, 0x000000008c900000| Untracked 
|   8|0x000000008ca00000, 0x000000008cb00000, 0x000000008cb00000|100%| O|  |TAMS 0x000000008cb00000, 0x000000008ca00000| Untracked 
|   9|0x000000008cb00000, 0x000000008cc00000, 0x000000008cc00000|100%| O|  |TAMS 0x000000008cc00000, 0x000000008cb00000| Untracked 
|  10|0x000000008cc00000, 0x000000008cd00000, 0x000000008cd00000|100%| O|  |TAMS 0x000000008cd00000, 0x000000008cc00000| Untracked 
|  11|0x000000008cd00000, 0x000000008ce00000, 0x000000008ce00000|100%| O|  |TAMS 0x000000008ce00000, 0x000000008cd00000| Untracked 
|  12|0x000000008ce00000, 0x000000008cf00000, 0x000000008cf00000|100%| O|  |TAMS 0x000000008cf00000, 0x000000008ce00000| Untracked 
|  13|0x000000008cf00000, 0x000000008d000000, 0x000000008d000000|100%| O|  |TAMS 0x000000008d000000, 0x000000008cf00000| Untracked 
|  14|0x000000008d000000, 0x000000008d100000, 0x000000008d100000|100%| O|  |TAMS 0x000000008d100000, 0x000000008d000000| Untracked 
|  15|0x000000008d100000, 0x000000008d200000, 0x000000008d200000|100%| O|  |TAMS 0x000000008d200000, 0x000000008d100000| Untracked 
|  16|0x000000008d200000, 0x000000008d300000, 0x000000008d300000|100%| O|  |TAMS 0x000000008d300000, 0x000000008d200000| Untracked 
|  17|0x000000008d300000, 0x000000008d400000, 0x000000008d400000|100%| O|  |TAMS 0x000000008d400000, 0x000000008d300000| Untracked 
|  18|0x000000008d400000, 0x000000008d500000, 0x000000008d500000|100%| O|  |TAMS 0x000000008d500000, 0x000000008d400000| Untracked 
|  19|0x000000008d500000, 0x000000008d600000, 0x000000008d600000|100%| O|  |TAMS 0x000000008d600000, 0x000000008d500000| Untracked 
|  20|0x000000008d600000, 0x000000008d700000, 0x000000008d700000|100%| O|  |TAMS 0x000000008d700000, 0x000000008d600000| Untracked 
|  21|0x000000008d700000, 0x000000008d800000, 0x000000008d800000|100%| O|  |TAMS 0x000000008d800000, 0x000000008d700000| Untracked 
|  22|0x000000008d800000, 0x000000008d900000, 0x000000008d900000|100%| O|  |TAMS 0x000000008d900000, 0x000000008d800000| Untracked 
|  23|0x000000008d900000, 0x000000008da00000, 0x000000008da00000|100%| O|  |TAMS 0x000000008da00000, 0x000000008d900000| Untracked 
|  24|0x000000008da00000, 0x000000008db00000, 0x000000008db00000|100%| O|  |TAMS 0x000000008db00000, 0x000000008da00000| Untracked 
|  25|0x000000008db00000, 0x000000008dc00000, 0x000000008dc00000|100%| O|  |TAMS 0x000000008dc00000, 0x000000008db00000| Untracked 
|  26|0x000000008dc00000, 0x000000008dd00000, 0x000000008dd00000|100%| O|  |TAMS 0x000000008dd00000, 0x000000008dc00000| Untracked 
|  27|0x000000008dd00000, 0x000000008de00000, 0x000000008de00000|100%| O|  |TAMS 0x000000008de00000, 0x000000008dd00000| Untracked 
|  28|0x000000008de00000, 0x000000008df00000, 0x000000008df00000|100%| O|  |TAMS 0x000000008df00000, 0x000000008de00000| Untracked 
|  29|0x000000008df00000, 0x000000008e000000, 0x000000008e000000|100%| O|  |TAMS 0x000000008e000000, 0x000000008df00000| Untracked 
|  30|0x000000008e000000, 0x000000008e100000, 0x000000008e100000|100%| O|  |TAMS 0x000000008e100000, 0x000000008e000000| Untracked 
|  31|0x000000008e100000, 0x000000008e200000, 0x000000008e200000|100%| O|  |TAMS 0x000000008e200000, 0x000000008e100000| Untracked 
|  32|0x000000008e200000, 0x000000008e300000, 0x000000008e300000|100%| O|  |TAMS 0x000000008e300000, 0x000000008e200000| Untracked 
|  33|0x000000008e300000, 0x000000008e400000, 0x000000008e400000|100%| O|  |TAMS 0x000000008e3e8c00, 0x000000008e300000| Untracked 
|  34|0x000000008e400000, 0x000000008e500000, 0x000000008e500000|100%| O|  |TAMS 0x000000008e400000, 0x000000008e400000| Untracked 
|  35|0x000000008e500000, 0x000000008e600000, 0x000000008e600000|100%| O|  |TAMS 0x000000008e500000, 0x000000008e500000| Untracked 
|  36|0x000000008e600000, 0x000000008e700000, 0x000000008e700000|100%| O|  |TAMS 0x000000008e600000, 0x000000008e600000| Updating 
|  37|0x000000008e700000, 0x000000008e754800, 0x000000008e800000| 33%| O|  |TAMS 0x000000008e700000, 0x000000008e700000| Untracked 
|  38|0x000000008e800000, 0x000000008e800000, 0x000000008e900000|  0%| F|  |TAMS 0x000000008e800000, 0x000000008e800000| Untracked 
|  39|0x000000008e900000, 0x000000008e900000, 0x000000008ea00000|  0%| F|  |TAMS 0x000000008e900000, 0x000000008e900000| Untracked 
|  40|0x000000008ea00000, 0x000000008ea00000, 0x000000008eb00000|  0%| F|  |TAMS 0x000000008ea00000, 0x000000008ea00000| Untracked 
|  41|0x000000008eb00000, 0x000000008eb00000, 0x000000008ec00000|  0%| F|  |TAMS 0x000000008eb00000, 0x000000008eb00000| Untracked 
|  42|0x000000008ec00000, 0x000000008ec00000, 0x000000008ed00000|  0%| F|  |TAMS 0x000000008ec00000, 0x000000008ec00000| Untracked 
|  43|0x000000008ed00000, 0x000000008ed00000, 0x000000008ee00000|  0%| F|  |TAMS 0x000000008ed00000, 0x000000008ed00000| Untracked 
|  44|0x000000008ee00000, 0x000000008ee00000, 0x000000008ef00000|  0%| F|  |TAMS 0x000000008ee00000, 0x000000008ee00000| Untracked 
|  45|0x000000008ef00000, 0x000000008ef00000, 0x000000008f000000|  0%| F|  |TAMS 0x000000008ef00000, 0x000000008ef00000| Untracked 
|  46|0x000000008f000000, 0x000000008f000000, 0x000000008f100000|  0%| F|  |TAMS 0x000000008f000000, 0x000000008f000000| Untracked 
|  47|0x000000008f100000, 0x000000008f100000, 0x000000008f200000|  0%| F|  |TAMS 0x000000008f100000, 0x000000008f100000| Untracked 
|  48|0x000000008f200000, 0x000000008f200000, 0x000000008f300000|  0%| F|  |TAMS 0x000000008f200000, 0x000000008f200000| Untracked 
|  49|0x000000008f300000, 0x000000008f300000, 0x000000008f400000|  0%| F|  |TAMS 0x000000008f300000, 0x000000008f300000| Untracked 
|  50|0x000000008f400000, 0x000000008f400000, 0x000000008f500000|  0%| F|  |TAMS 0x000000008f400000, 0x000000008f400000| Untracked 
|  51|0x000000008f500000, 0x000000008f500000, 0x000000008f600000|  0%| F|  |TAMS 0x000000008f500000, 0x000000008f500000| Untracked 
|  52|0x000000008f600000, 0x000000008f600000, 0x000000008f700000|  0%| F|  |TAMS 0x000000008f600000, 0x000000008f600000| Untracked 
|  53|0x000000008f700000, 0x000000008f700000, 0x000000008f800000|  0%| F|  |TAMS 0x000000008f700000, 0x000000008f700000| Untracked 
|  54|0x000000008f800000, 0x000000008f800000, 0x000000008f900000|  0%| F|  |TAMS 0x000000008f800000, 0x000000008f800000| Untracked 
|  55|0x000000008f900000, 0x000000008f900000, 0x000000008fa00000|  0%| F|  |TAMS 0x000000008f900000, 0x000000008f900000| Untracked 
|  56|0x000000008fa00000, 0x000000008fa00000, 0x000000008fb00000|  0%| F|  |TAMS 0x000000008fa00000, 0x000000008fa00000| Untracked 
|  57|0x000000008fb00000, 0x000000008fb00000, 0x000000008fc00000|  0%| F|  |TAMS 0x000000008fb00000, 0x000000008fb00000| Untracked 
|  58|0x000000008fc00000, 0x000000008fc00000, 0x000000008fd00000|  0%| F|  |TAMS 0x000000008fc00000, 0x000000008fc00000| Untracked 
|  59|0x000000008fd00000, 0x000000008fd00000, 0x000000008fe00000|  0%| F|  |TAMS 0x000000008fd00000, 0x000000008fd00000| Untracked 
|  60|0x000000008fe00000, 0x000000008fe00000, 0x000000008ff00000|  0%| F|  |TAMS 0x000000008fe00000, 0x000000008fe00000| Untracked 
|  61|0x000000008ff00000, 0x000000008ff00000, 0x0000000090000000|  0%| F|  |TAMS 0x000000008ff00000, 0x000000008ff00000| Untracked 
|  62|0x0000000090000000, 0x0000000090000000, 0x0000000090100000|  0%| F|  |TAMS 0x0000000090000000, 0x0000000090000000| Untracked 
|  63|0x0000000090100000, 0x0000000090100000, 0x0000000090200000|  0%| F|  |TAMS 0x0000000090100000, 0x0000000090100000| Untracked 
|  64|0x0000000090200000, 0x0000000090200000, 0x0000000090300000|  0%| F|  |TAMS 0x0000000090200000, 0x0000000090200000| Untracked 
|  65|0x0000000090300000, 0x0000000090300000, 0x0000000090400000|  0%| F|  |TAMS 0x0000000090300000, 0x0000000090300000| Untracked 
|  66|0x0000000090400000, 0x0000000090400000, 0x0000000090500000|  0%| F|  |TAMS 0x0000000090400000, 0x0000000090400000| Untracked 
|  67|0x0000000090500000, 0x0000000090500000, 0x0000000090600000|  0%| F|  |TAMS 0x0000000090500000, 0x0000000090500000| Untracked 
|  68|0x0000000090600000, 0x0000000090600000, 0x0000000090700000|  0%| F|  |TAMS 0x0000000090600000, 0x0000000090600000| Untracked 
|  69|0x0000000090700000, 0x0000000090700000, 0x0000000090800000|  0%| F|  |TAMS 0x0000000090700000, 0x0000000090700000| Untracked 
|  70|0x0000000090800000, 0x0000000090800000, 0x0000000090900000|  0%| F|  |TAMS 0x0000000090800000, 0x0000000090800000| Untracked 
|  71|0x0000000090900000, 0x0000000090900000, 0x0000000090a00000|  0%| F|  |TAMS 0x0000000090900000, 0x0000000090900000| Untracked 
|  72|0x0000000090a00000, 0x0000000090a00000, 0x0000000090b00000|  0%| F|  |TAMS 0x0000000090a00000, 0x0000000090a00000| Untracked 
|  73|0x0000000090b00000, 0x0000000090b317a8, 0x0000000090c00000| 19%| S|CS|TAMS 0x0000000090b00000, 0x0000000090b00000| Complete 
| 115|0x0000000093500000, 0x0000000093500000, 0x0000000093600000|  0%| F|  |TAMS 0x0000000093500000, 0x0000000093500000| Untracked 

Card table byte_map: [0x00000182766d0000,0x0000018276a70000] _byte_map_base: 0x000001827626f000

Marking Bits (Prev, Next): (CMBitMap*) 0x000001825f8b1280, (CMBitMap*) 0x000001825f8b12c0
 Prev Bits: [0x0000018276e10000, 0x0000018278b08000)
 Next Bits: [0x0000018278b10000, 0x000001827a808000)

Polling page: 0x000001825d700000

Metaspace:

Usage:
  Non-class:     59.45 MB used.
      Class:      9.71 MB used.
       Both:     69.16 MB used.

Virtual space:
  Non-class space:       64.00 MB reserved,      59.75 MB ( 93%) committed,  1 nodes.
      Class space:        1.00 GB reserved,      10.00 MB ( <1%) committed,  1 nodes.
             Both:        1.06 GB reserved,      69.75 MB (  6%) committed. 

Chunk freelists:
   Non-Class:  4.06 MB
       Class:  5.84 MB
        Both:  9.91 MB

MaxMetaspaceSize: unlimited
CompressedClassSpaceSize: 1.00 GB
Initial GC threshold: 21.00 MB
Current GC threshold: 116.25 MB
CDS: on
MetaspaceReclaimPolicy: balanced
 - commit_granule_bytes: 65536.
 - commit_granule_words: 8192.
 - virtual_space_node_default_size: 8388608.
 - enlarge_chunks_in_place: 1.
 - new_chunks_are_fully_committed: 0.
 - uncommit_free_chunks: 1.
 - use_allocation_guard: 0.
 - handle_deallocations: 1.


Internal statistics:

num_allocs_failed_limit: 6.
num_arena_births: 788.
num_arena_deaths: 0.
num_vsnodes_births: 2.
num_vsnodes_deaths: 0.
num_space_committed: 1116.
num_space_uncommitted: 0.
num_chunks_returned_to_freelist: 6.
num_chunks_taken_from_freelist: 3286.
num_chunk_merges: 3.
num_chunk_splits: 2376.
num_chunks_enlarged: 1890.
num_inconsistent_stats: 0.

CodeHeap 'non-profiled nmethods': size=120000Kb used=3810Kb max_used=3810Kb free=116189Kb
 bounds [0x000001826ebe0000, 0x000001826efa0000, 0x0000018276110000]
CodeHeap 'profiled nmethods': size=120000Kb used=11675Kb max_used=11675Kb free=108324Kb
 bounds [0x0000018267110000, 0x0000018267c80000, 0x000001826e640000]
CodeHeap 'non-nmethods': size=5760Kb used=1367Kb max_used=1426Kb free=4392Kb
 bounds [0x000001826e640000, 0x000001826e8b0000, 0x000001826ebe0000]
 total_blobs=6460 nmethods=5758 adapters=614
 compilation: enabled
              stopped_count=0, restarted_count=0
 full_count=0

Compilation events (20 events):
Event: 24.377 Thread 0x000001827d2197a0 6494       2       org.antlr.v4.runtime.atn.EmptyPredictionContext::getReturnState (5 bytes)
Event: 24.377 Thread 0x000001827d2197a0 nmethod 6494 0x0000018267c75e10 code [0x0000018267c75fa0, 0x0000018267c760b8]
Event: 24.379 Thread 0x000001827d2197a0 6495       2       org.antlr.v4.runtime.atn.PredictionMode::getConflictingAltSubsets (81 bytes)
Event: 24.380 Thread 0x000001827d2197a0 nmethod 6495 0x0000018267c76190 code [0x0000018267c763a0, 0x0000018267c76958]
Event: 24.381 Thread 0x000001827d2197a0 6496       2       org.antlr.v4.runtime.atn.PredictionMode::hasConflictingAltSet (41 bytes)
Event: 24.381 Thread 0x000001827d2197a0 nmethod 6496 0x0000018267c76c90 code [0x0000018267c76e60, 0x0000018267c770b8]
Event: 24.438 Thread 0x000001827d2197a0 6498 %     3       org.antlr.v4.runtime.misc.FlexibleHashMap::values @ 23 (95 bytes)
Event: 24.439 Thread 0x000001827d2197a0 nmethod 6498% 0x0000018267c77210 code [0x0000018267c77440, 0x0000018267c77f28]
Event: 24.446 Thread 0x000001827ef58f20 nmethod 6480 0x000001826ef8c390 code [0x000001826ef8c7e0, 0x000001826ef91968]
Event: 24.446 Thread 0x000001827ef58f20 6497       4       org.antlr.v4.runtime.misc.Array2DHashSet::getOrAddImpl (146 bytes)
Event: 24.486 Thread 0x000001827ef58f20 nmethod 6497 0x000001826ef94510 code [0x000001826ef94740, 0x000001826ef95be8]
Event: 24.486 Thread 0x000001827ef58f20 6270       4       org.antlr.v4.runtime.atn.SingletonPredictionContext::equals (72 bytes)
Event: 24.488 Thread 0x000001827ef58f20 nmethod 6270 0x000001826ef96610 code [0x000001826ef967a0, 0x000001826ef96918]
Event: 24.488 Thread 0x000001827ef58f20 6298       4       org.antlr.v4.runtime.atn.ATNState::transition (14 bytes)
Event: 24.491 Thread 0x000001827ef58f20 nmethod 6298 0x000001826ef96a90 code [0x000001826ef96c20, 0x000001826ef96d78]
Event: 24.491 Thread 0x000001827ef58f20 6280       4       org.antlr.v4.runtime.atn.ParserATNSimulator::getEpsilonTarget (155 bytes)
Event: 24.521 Thread 0x000001827d2197a0 6504       2       org.antlr.v4.runtime.ParserRuleContext::addChild (9 bytes)
Event: 24.521 Thread 0x000001827d2197a0 nmethod 6504 0x0000018267c78290 code [0x0000018267c78440, 0x0000018267c786c8]
Event: 24.530 Thread 0x000001827ef58f20 nmethod 6280 0x000001826ef96f10 code [0x000001826ef97160, 0x000001826ef98270]
Event: 24.530 Thread 0x000001827ef58f20 6502       4       org.antlr.v4.runtime.misc.Array2DHashSet::getOrAddImpl (146 bytes)

GC Heap History (20 events):
Event: 20.072 GC heap after
{Heap after GC invocations=16 (full 0):
 garbage-first heap   total 55296K, used 26480K [0x000000008c200000, 0x0000000100000000)
  region size 1024K, 2 young (2048K), 2 survivors (2048K)
 Metaspace       used 58190K, committed 58688K, reserved 1114112K
  class space    used 7798K, committed 8000K, reserved 1048576K
}
Event: 21.083 GC heap before
{Heap before GC invocations=17 (full 0):
 garbage-first heap   total 55296K, used 43888K [0x000000008c200000, 0x0000000100000000)
  region size 1024K, 19 young (19456K), 2 survivors (2048K)
 Metaspace       used 61659K, committed 62144K, reserved 1114112K
  class space    used 8418K, committed 8640K, reserved 1048576K
}
Event: 21.086 GC heap after
{Heap after GC invocations=18 (full 0):
 garbage-first heap   total 55296K, used 27175K [0x000000008c200000, 0x0000000100000000)
  region size 1024K, 2 young (2048K), 2 survivors (2048K)
 Metaspace       used 61659K, committed 62144K, reserved 1114112K
  class space    used 8418K, committed 8640K, reserved 1048576K
}
Event: 21.952 GC heap before
{Heap before GC invocations=18 (full 0):
 garbage-first heap   total 55296K, used 42535K [0x000000008c200000, 0x0000000100000000)
  region size 1024K, 18 young (18432K), 2 survivors (2048K)
 Metaspace       used 65162K, committed 65792K, reserved 1114112K
  class space    used 8828K, committed 9152K, reserved 1048576K
}
Event: 21.956 GC heap after
{Heap after GC invocations=19 (full 0):
 garbage-first heap   total 55296K, used 28526K [0x000000008c200000, 0x0000000100000000)
  region size 1024K, 3 young (3072K), 3 survivors (3072K)
 Metaspace       used 65162K, committed 65792K, reserved 1114112K
  class space    used 8828K, committed 9152K, reserved 1048576K
}
Event: 22.971 GC heap before
{Heap before GC invocations=20 (full 0):
 garbage-first heap   total 55296K, used 42862K [0x000000008c200000, 0x0000000100000000)
  region size 1024K, 18 young (18432K), 3 survivors (3072K)
 Metaspace       used 68099K, committed 68672K, reserved 1114112K
  class space    used 9388K, committed 9664K, reserved 1048576K
}
Event: 22.976 GC heap after
{Heap after GC invocations=21 (full 0):
 garbage-first heap   total 55296K, used 29723K [0x000000008c200000, 0x0000000100000000)
  region size 1024K, 3 young (3072K), 3 survivors (3072K)
 Metaspace       used 68099K, committed 68672K, reserved 1114112K
  class space    used 9388K, committed 9664K, reserved 1048576K
}
Event: 23.052 GC heap before
{Heap before GC invocations=21 (full 0):
 garbage-first heap   total 55296K, used 30747K [0x000000008c200000, 0x0000000100000000)
  region size 1024K, 4 young (4096K), 3 survivors (3072K)
 Metaspace       used 68354K, committed 68928K, reserved 1114112K
  class space    used 9472K, committed 9792K, reserved 1048576K
}
Event: 23.055 GC heap after
{Heap after GC invocations=22 (full 0):
 garbage-first heap   total 55296K, used 29857K [0x000000008c200000, 0x0000000100000000)
  region size 1024K, 1 young (1024K), 1 survivors (1024K)
 Metaspace       used 68354K, committed 68928K, reserved 1114112K
  class space    used 9472K, committed 9792K, reserved 1048576K
}
Event: 23.379 GC heap before
{Heap before GC invocations=22 (full 0):
 garbage-first heap   total 55296K, used 44193K [0x000000008c200000, 0x0000000100000000)
  region size 1024K, 15 young (15360K), 1 survivors (1024K)
 Metaspace       used 69014K, committed 69632K, reserved 1114112K
  class space    used 9563K, committed 9856K, reserved 1048576K
}
Event: 23.381 GC heap after
{Heap after GC invocations=23 (full 0):
 garbage-first heap   total 55296K, used 30437K [0x000000008c200000, 0x0000000100000000)
  region size 1024K, 1 young (1024K), 1 survivors (1024K)
 Metaspace       used 69014K, committed 69632K, reserved 1114112K
  class space    used 9563K, committed 9856K, reserved 1048576K
}
Event: 23.629 GC heap before
{Heap before GC invocations=24 (full 0):
 garbage-first heap   total 56320K, used 44773K [0x000000008c200000, 0x0000000100000000)
  region size 1024K, 15 young (15360K), 1 survivors (1024K)
 Metaspace       used 69024K, committed 69632K, reserved 1114112K
  class space    used 9563K, committed 9856K, reserved 1048576K
}
Event: 23.632 GC heap after
{Heap after GC invocations=25 (full 0):
 garbage-first heap   total 56320K, used 30985K [0x000000008c200000, 0x0000000100000000)
  region size 1024K, 2 young (2048K), 2 survivors (2048K)
 Metaspace       used 69024K, committed 69632K, reserved 1114112K
  class space    used 9563K, committed 9856K, reserved 1048576K
}
Event: 24.044 GC heap before
{Heap before GC invocations=25 (full 0):
 garbage-first heap   total 56320K, used 44297K [0x000000008c200000, 0x0000000100000000)
  region size 1024K, 16 young (16384K), 2 survivors (2048K)
 Metaspace       used 70801K, committed 71424K, reserved 1114112K
  class space    used 9941K, committed 10240K, reserved 1048576K
}
Event: 24.048 GC heap after
{Heap after GC invocations=26 (full 0):
 garbage-first heap   total 56320K, used 32478K [0x000000008c200000, 0x0000000100000000)
  region size 1024K, 2 young (2048K), 2 survivors (2048K)
 Metaspace       used 70801K, committed 71424K, reserved 1114112K
  class space    used 9941K, committed 10240K, reserved 1048576K
}
Event: 24.390 GC heap before
{Heap before GC invocations=26 (full 0):
 garbage-first heap   total 56320K, used 45790K [0x000000008c200000, 0x0000000100000000)
  region size 1024K, 15 young (15360K), 2 survivors (2048K)
 Metaspace       used 70810K, committed 71424K, reserved 1114112K
  class space    used 9941K, committed 10240K, reserved 1048576K
}
Event: 24.395 GC heap after
{Heap after GC invocations=27 (full 0):
 garbage-first heap   total 56320K, used 36771K [0x000000008c200000, 0x0000000100000000)
  region size 1024K, 2 young (2048K), 2 survivors (2048K)
 Metaspace       used 70810K, committed 71424K, reserved 1114112K
  class space    used 9941K, committed 10240K, reserved 1048576K
}
Event: 24.494 GC heap before
{Heap before GC invocations=27 (full 0):
 garbage-first heap   total 56320K, used 44963K [0x000000008c200000, 0x0000000100000000)
  region size 1024K, 10 young (10240K), 2 survivors (2048K)
 Metaspace       used 70812K, committed 71424K, reserved 1114112K
  class space    used 9941K, committed 10240K, reserved 1048576K
}
Event: 24.497 GC heap after
{Heap after GC invocations=28 (full 0):
 garbage-first heap   total 56320K, used 38226K [0x000000008c200000, 0x0000000100000000)
  region size 1024K, 2 young (2048K), 2 survivors (2048K)
 Metaspace       used 70812K, committed 71424K, reserved 1114112K
  class space    used 9941K, committed 10240K, reserved 1048576K
}
Event: 24.561 GC heap before
{Heap before GC invocations=28 (full 0):
 garbage-first heap   total 76800K, used 44370K [0x000000008c200000, 0x0000000100000000)
  region size 1024K, 8 young (8192K), 2 survivors (2048K)
 Metaspace       used 70816K, committed 71424K, reserved 1114112K
  class space    used 9941K, committed 10240K, reserved 1048576K
}

Deoptimization events (20 events):
Event: 24.078 Thread 0x000001827e12f3c0 Uncommon trap: trap_request=0xffffffd6 fr.pc=0x000001826ef85840 relative=0x00000000000048e0
Event: 24.078 Thread 0x000001827e12f3c0 Uncommon trap: reason=array_check action=maybe_recompile pc=0x000001826ef85840 method=org.antlr.v4.runtime.misc.Array2DHashSet.getOrAddImpl(Ljava/lang/Object;)Ljava/lang/Object; @ 74 c2
Event: 24.078 Thread 0x000001827e12f3c0 DEOPT PACKING pc=0x000001826ef85840 sp=0x0000007665bf98d0
Event: 24.078 Thread 0x000001827e12f3c0 DEOPT UNPACKING pc=0x000001826e6923a3 sp=0x0000007665bf9770 mode 2
Event: 24.078 Thread 0x000001827e12f3c0 Uncommon trap: trap_request=0xffffffd6 fr.pc=0x000001826ef85840 relative=0x00000000000048e0
Event: 24.078 Thread 0x000001827e12f3c0 Uncommon trap: reason=array_check action=maybe_recompile pc=0x000001826ef85840 method=org.antlr.v4.runtime.misc.Array2DHashSet.getOrAddImpl(Ljava/lang/Object;)Ljava/lang/Object; @ 74 c2
Event: 24.078 Thread 0x000001827e12f3c0 DEOPT PACKING pc=0x000001826ef85840 sp=0x0000007665bf98d0
Event: 24.078 Thread 0x000001827e12f3c0 DEOPT UNPACKING pc=0x000001826e6923a3 sp=0x0000007665bf9770 mode 2
Event: 24.128 Thread 0x000001827e12f3c0 Uncommon trap: trap_request=0xffffffd6 fr.pc=0x000001826ef8b55c relative=0x000000000000109c
Event: 24.128 Thread 0x000001827e12f3c0 Uncommon trap: reason=array_check action=maybe_recompile pc=0x000001826ef8b55c method=org.antlr.v4.runtime.misc.Array2DHashSet.getOrAddImpl(Ljava/lang/Object;)Ljava/lang/Object; @ 74 c2
Event: 24.128 Thread 0x000001827e12f3c0 DEOPT PACKING pc=0x000001826ef8b55c sp=0x0000007665bf96b0
Event: 24.128 Thread 0x000001827e12f3c0 DEOPT UNPACKING pc=0x000001826e6923a3 sp=0x0000007665bf9670 mode 2
Event: 24.511 Thread 0x000001827e12f3c0 Uncommon trap: trap_request=0xffffffd6 fr.pc=0x000001826ef95970 relative=0x0000000000001230
Event: 24.511 Thread 0x000001827e12f3c0 Uncommon trap: reason=array_check action=maybe_recompile pc=0x000001826ef95970 method=org.antlr.v4.runtime.misc.Array2DHashSet.getOrAddImpl(Ljava/lang/Object;)Ljava/lang/Object; @ 128 c2
Event: 24.511 Thread 0x000001827e12f3c0 DEOPT PACKING pc=0x000001826ef95970 sp=0x0000007665bf9ec0
Event: 24.511 Thread 0x000001827e12f3c0 DEOPT UNPACKING pc=0x000001826e6923a3 sp=0x0000007665bf9e80 mode 2
Event: 24.513 Thread 0x000001827e12f3c0 Uncommon trap: trap_request=0xffffffd6 fr.pc=0x000001826ef95970 relative=0x0000000000001230
Event: 24.513 Thread 0x000001827e12f3c0 Uncommon trap: reason=array_check action=maybe_recompile pc=0x000001826ef95970 method=org.antlr.v4.runtime.misc.Array2DHashSet.getOrAddImpl(Ljava/lang/Object;)Ljava/lang/Object; @ 128 c2
Event: 24.513 Thread 0x000001827e12f3c0 DEOPT PACKING pc=0x000001826ef95970 sp=0x0000007665bf90c0
Event: 24.513 Thread 0x000001827e12f3c0 DEOPT UNPACKING pc=0x000001826e6923a3 sp=0x0000007665bf9080 mode 2

Classes unloaded (0 events):
No events

Classes redefined (0 events):
No events

Internal exceptions (20 events):
Event: 20.926 Thread 0x000001827e12f3c0 Exception <a 'java/lang/NoSuchMethodError'{0x000000008e9149f8}: 'java.lang.Object java.lang.invoke.DirectMethodHandle$Holder.invokeSpecial(java.lang.Object, java.lang.Object, java.lang.Object, java.lang.Object, java.lang.Object, java.lang.Object, java.lang.Object, java.lang.Object, java.lang.Object, java.lang.Object, java.lang.Object, java.lang.Object, java.lang.Object)'> (0x000000008e9149f8) 
thrown [s\open\src\hotspot\share\interpreter\linkResolver.cpp, line 759]
Event: 20.927 Thread 0x000001827e12f3c0 Exception <a 'java/lang/NoSuchMethodError'{0x000000008e919110}: 'java.lang.Object java.lang.invoke.Invokers$Holder.linkToTargetMethod(java.lang.Object, java.lang.Object, java.lang.Object, java.lang.Object, java.lang.Object, java.lang.Object, java.lang.Object, java.lang.Object, java.lang.Object, java.lang.Object, java.lang.Object, java.lang.Object)'> (0x000000008e919110) 
thrown [s\open\src\hotspot\share\interpreter\linkResolver.cpp, line 759]
Event: 21.014 Thread 0x000001827e12f3c0 Exception <a 'java/lang/IncompatibleClassChangeError'{0x000000008e8a9b68}: Found class java.lang.Object, but interface was expected> (0x000000008e8a9b68) 
thrown [s\open\src\hotspot\share\interpreter\linkResolver.cpp, line 826]
Event: 21.047 Thread 0x000001827e12f3c0 Exception <a 'java/lang/NoSuchMethodError'{0x000000008e64b9f8}: 'java.lang.Object java.lang.invoke.DirectMethodHandle$Holder.newInvokeSpecial(java.lang.Object, java.lang.Object, int, java.lang.Object, int, java.lang.Object, java.lang.Object)'> (0x000000008e64b9f8) 
thrown [s\open\src\hotspot\share\interpreter\linkResolver.cpp, line 759]
Event: 21.069 Thread 0x000001827e12f3c0 Exception <a 'java/lang/NoSuchMethodError'{0x000000008e6c9990}: 'java.lang.Object java.lang.invoke.DirectMethodHandle$Holder.newInvokeSpecial(java.lang.Object, java.lang.Object, java.lang.Object, java.lang.Object, java.lang.Object, java.lang.Object, java.lang.Object, int)'> (0x000000008e6c9990) 
thrown [s\open\src\hotspot\share\interpreter\linkResolver.cpp, line 759]
Event: 21.071 Thread 0x000001827e12f3c0 Exception <a 'java/lang/NoSuchMethodError'{0x000000008e6ce988}: 'java.lang.Object java.lang.invoke.DirectMethodHandle$Holder.invokeSpecial(java.lang.Object, java.lang.Object, java.lang.Object, java.lang.Object, java.lang.Object, java.lang.Object, java.lang.Object, java.lang.Object, int)'> (0x000000008e6ce988) 
thrown [s\open\src\hotspot\share\interpreter\linkResolver.cpp, line 759]
Event: 21.072 Thread 0x000001827e12f3c0 Exception <a 'java/lang/NoSuchMethodError'{0x000000008e6d3450}: 'java.lang.Object java.lang.invoke.Invokers$Holder.linkToTargetMethod(java.lang.Object, java.lang.Object, java.lang.Object, java.lang.Object, java.lang.Object, java.lang.Object, int, java.lang.Object)'> (0x000000008e6d3450) 
thrown [s\open\src\hotspot\share\interpreter\linkResolver.cpp, line 759]
Event: 21.122 Thread 0x000001827e12f3c0 Exception <a 'java/lang/NoSuchMethodError'{0x0000000090805958}: 'void java.lang.invoke.DirectMethodHandle$Holder.invokeInterface(java.lang.Object, java.lang.Object)'> (0x0000000090805958) 
thrown [s\open\src\hotspot\share\interpreter\linkResolver.cpp, line 759]
Event: 21.436 Thread 0x000001827e12f3c0 Exception <a 'java/lang/NoSuchMethodError'{0x00000000905f2f90}: 'java.lang.Object java.lang.invoke.DirectMethodHandle$Holder.invokeSpecial(java.lang.Object, java.lang.Object, int, java.lang.Object, int)'> (0x00000000905f2f90) 
thrown [s\open\src\hotspot\share\interpreter\linkResolver.cpp, line 759]
Event: 21.638 Thread 0x000001827e12f3c0 Exception <a 'java/lang/IncompatibleClassChangeError'{0x000000008ed396f0}: Found class java.lang.Object, but interface was expected> (0x000000008ed396f0) 
thrown [s\open\src\hotspot\share\interpreter\linkResolver.cpp, line 826]
Event: 21.732 Thread 0x000001827e12f3c0 Exception <a 'java/lang/IncompatibleClassChangeError'{0x000000008eccd8c0}: Found class java.lang.Object, but interface was expected> (0x000000008eccd8c0) 
thrown [s\open\src\hotspot\share\interpreter\linkResolver.cpp, line 826]
Event: 22.079 Thread 0x000001827e12f3c0 Exception <a 'java/lang/IncompatibleClassChangeError'{0x000000009070d7a8}: Found class java.lang.Object, but interface was expected> (0x000000009070d7a8) 
thrown [s\open\src\hotspot\share\interpreter\linkResolver.cpp, line 826]
Event: 22.225 Thread 0x000001827e12f3c0 Exception <a 'java/lang/reflect/InvocationTargetException'{0x000000009053dcd8}> (0x000000009053dcd8) 
thrown [s\open\src\hotspot\share\runtime\reflection.cpp, line 1121]
Event: 22.250 Thread 0x000001827e12f3c0 Exception <a 'java/lang/NoSuchMethodError'{0x000000009059f548}: 'int java.lang.invoke.DirectMethodHandle$Holder.invokeStatic(java.lang.Object, java.lang.Object, int)'> (0x000000009059f548) 
thrown [s\open\src\hotspot\share\interpreter\linkResolver.cpp, line 759]
Event: 22.267 Thread 0x000001827e12f3c0 Exception <a 'java/lang/IncompatibleClassChangeError'{0x00000000905dde90}: Found class java.lang.Object, but interface was expected> (0x00000000905dde90) 
thrown [s\open\src\hotspot\share\interpreter\linkResolver.cpp, line 826]
Event: 22.268 Thread 0x000001827e12f3c0 Exception <a 'java/lang/IncompatibleClassChangeError'{0x00000000905e4950}: Found class java.lang.Object, but interface was expected> (0x00000000905e4950) 
thrown [s\open\src\hotspot\share\interpreter\linkResolver.cpp, line 826]
Event: 22.390 Thread 0x000001827e12f3c0 Exception <a 'java/lang/NoSuchMethodError'{0x0000000090392f10}: 'java.lang.Object java.lang.invoke.DirectMethodHandle$Holder.invokeStatic(java.lang.Object, int, java.lang.Object)'> (0x0000000090392f10) 
thrown [s\open\src\hotspot\share\interpreter\linkResolver.cpp, line 759]
Event: 22.478 Thread 0x000001827e12f3c0 Exception <a 'java/io/FileNotFoundException'{0x000000008ef1a6f0}> (0x000000008ef1a6f0) 
thrown [s\open\src\hotspot\share\prims\jni.cpp, line 516]
Event: 22.480 Thread 0x000001827e12f3c0 Exception <a 'java/io/FileNotFoundException'{0x000000008ef25788}> (0x000000008ef25788) 
thrown [s\open\src\hotspot\share\prims\jni.cpp, line 516]
Event: 22.607 Thread 0x000001827e12f3c0 Exception <a 'java/lang/reflect/InvocationTargetException'{0x000000008ed71e98}> (0x000000008ed71e98) 
thrown [s\open\src\hotspot\share\runtime\reflection.cpp, line 1121]

VM Operations (20 events):
Event: 23.130 Executing VM operation: HandshakeAllThreads done
Event: 23.378 Executing VM operation: G1CollectForAllocation
Event: 23.381 Executing VM operation: G1CollectForAllocation done
Event: 23.416 Executing VM operation: HandshakeAllThreads
Event: 23.416 Executing VM operation: HandshakeAllThreads done
Event: 23.424 Executing VM operation: G1Concurrent
Event: 23.430 Executing VM operation: G1Concurrent done
Event: 23.447 Executing VM operation: G1Concurrent
Event: 23.452 Executing VM operation: G1Concurrent done
Event: 23.629 Executing VM operation: G1CollectForAllocation
Event: 23.632 Executing VM operation: G1CollectForAllocation done
Event: 24.044 Executing VM operation: G1CollectForAllocation
Event: 24.048 Executing VM operation: G1CollectForAllocation done
Event: 24.390 Executing VM operation: G1CollectForAllocation
Event: 24.395 Executing VM operation: G1CollectForAllocation done
Event: 24.494 Executing VM operation: G1CollectForAllocation
Event: 24.497 Executing VM operation: G1CollectForAllocation done
Event: 24.549 Executing VM operation: G1Concurrent
Event: 24.556 Executing VM operation: G1Concurrent done
Event: 24.561 Executing VM operation: G1CollectForAllocation

Events (20 events):
Event: 22.145 loading class java/util/stream/ReduceOps$5 done
Event: 22.145 loading class java/util/stream/ReduceOps$CountingSink$OfRef
Event: 22.146 loading class java/util/stream/ReduceOps$CountingSink
Event: 22.147 loading class java/util/stream/ReduceOps$CountingSink done
Event: 22.147 loading class java/util/stream/ReduceOps$CountingSink$OfRef done
Event: 22.264 loading class java/util/regex/Pattern$1
Event: 22.265 loading class java/util/regex/Pattern$1 done
Event: 22.337 loading class java/util/regex/Pattern$Bound
Event: 22.337 loading class java/util/regex/Pattern$Bound done
Event: 22.340 loading class java/util/regex/Pattern$Behind
Event: 22.340 loading class java/util/regex/Pattern$Behind done
Event: 22.536 loading class java/util/WeakHashMap$KeyIterator
Event: 22.536 loading class java/util/WeakHashMap$KeyIterator done
Event: 22.665 loading class java/util/EmptyStackException
Event: 22.665 loading class java/util/EmptyStackException done
Event: 23.103 loading class java/io/InvalidClassException
Event: 23.103 loading class java/io/InvalidClassException done
Event: 23.122 loading class java/util/ArrayList$ListItr
Event: 23.123 loading class java/util/ArrayList$ListItr done
Event: 23.401 Thread 0x000001827ef70bb0 Thread exited: 0x000001827ef70bb0


Dynamic libraries:
0x00007ff6aef40000 - 0x00007ff6aef50000 	C:\Program Files\Java\jdk-17\bin\java.exe
0x00007ffe1e680000 - 0x00007ffe1e8e3000 	C:\WINDOWS\SYSTEM32\ntdll.dll
0x00007ffe1cb70000 - 0x00007ffe1cc38000 	C:\WINDOWS\System32\KERNEL32.DLL
0x00007ffe1ba80000 - 0x00007ffe1be32000 	C:\WINDOWS\System32\KERNELBASE.dll
0x00007ffe1c230000 - 0x00007ffe1c37b000 	C:\WINDOWS\System32\ucrtbase.dll
0x00007ffe14c60000 - 0x00007ffe14c7b000 	C:\Program Files\Java\jdk-17\bin\VCRUNTIME140.dll
0x00007ffe14c80000 - 0x00007ffe14c99000 	C:\Program Files\Java\jdk-17\bin\jli.dll
0x00007ffe1ca00000 - 0x00007ffe1cab4000 	C:\WINDOWS\System32\ADVAPI32.dll
0x00007ffe1cc40000 - 0x00007ffe1cce9000 	C:\WINDOWS\System32\msvcrt.dll
0x00007ffe1cac0000 - 0x00007ffe1cb66000 	C:\WINDOWS\System32\sechost.dll
0x00007ffe1d900000 - 0x00007ffe1da16000 	C:\WINDOWS\System32\RPCRT4.dll
0x00007ffe1daf0000 - 0x00007ffe1dcb8000 	C:\WINDOWS\System32\USER32.dll
0x00007ffe1ba50000 - 0x00007ffe1ba77000 	C:\WINDOWS\System32\win32u.dll
0x00007ffe07650000 - 0x00007ffe078e0000 	C:\WINDOWS\WinSxS\amd64_microsoft.windows.common-controls_6595b64144ccf1df_6.0.26100.2454_none_3e0b68a2e331ad60\COMCTL32.dll
0x00007ffe1ddb0000 - 0x00007ffe1ddda000 	C:\WINDOWS\System32\GDI32.dll
0x00007ffe1bf80000 - 0x00007ffe1c0ab000 	C:\WINDOWS\System32\gdi32full.dll
0x00007ffe1be40000 - 0x00007ffe1bee3000 	C:\WINDOWS\System32\msvcp_win.dll
0x00007ffe13e60000 - 0x00007ffe13e6b000 	C:\WINDOWS\SYSTEM32\VERSION.dll
0x00007ffe1da20000 - 0x00007ffe1da4f000 	C:\WINDOWS\System32\IMM32.DLL
0x00007ffe172d0000 - 0x00007ffe172dc000 	C:\Program Files\Java\jdk-17\bin\vcruntime140_1.dll
0x00007ffe0bae0000 - 0x00007ffe0bb6e000 	C:\Program Files\Java\jdk-17\bin\msvcp140.dll
0x00007ffdbce50000 - 0x00007ffdbda30000 	C:\Program Files\Java\jdk-17\bin\server\jvm.dll
0x00007ffe1dae0000 - 0x00007ffe1dae8000 	C:\WINDOWS\System32\PSAPI.DLL
0x00007ffe18680000 - 0x00007ffe1868a000 	C:\WINDOWS\SYSTEM32\WSOCK32.dll
0x00007ffe1da60000 - 0x00007ffe1dad4000 	C:\WINDOWS\System32\WS2_32.dll
0x00007ffe12ba0000 - 0x00007ffe12bd6000 	C:\WINDOWS\SYSTEM32\WINMM.dll
0x00007ffe1a890000 - 0x00007ffe1a8aa000 	C:\WINDOWS\SYSTEM32\kernel.appcore.dll
0x00007ffe16450000 - 0x00007ffe1645a000 	C:\Program Files\Java\jdk-17\bin\jimage.dll
0x00007ffe0f790000 - 0x00007ffe0f9d1000 	C:\WINDOWS\SYSTEM32\DBGHELP.DLL
0x00007ffe1cf40000 - 0x00007ffe1d2be000 	C:\WINDOWS\System32\combase.dll
0x00007ffe1dcc0000 - 0x00007ffe1dd96000 	C:\WINDOWS\System32\OLEAUT32.dll
0x00007ffe06290000 - 0x00007ffe062c9000 	C:\WINDOWS\SYSTEM32\dbgcore.DLL
0x00007ffe1c380000 - 0x00007ffe1c419000 	C:\WINDOWS\System32\bcryptPrimitives.dll
0x00007ffe14a10000 - 0x00007ffe14a1e000 	C:\Program Files\Java\jdk-17\bin\instrument.dll
0x00007ffe14c30000 - 0x00007ffe14c55000 	C:\Program Files\Java\jdk-17\bin\java.dll
0x00007ffe0b800000 - 0x00007ffe0b8d7000 	C:\Program Files\Java\jdk-17\bin\jsvml.dll
0x00007ffe1de10000 - 0x00007ffe1e511000 	C:\WINDOWS\System32\SHELL32.dll
0x00007ffe19760000 - 0x00007ffe19f91000 	C:\WINDOWS\SYSTEM32\windows.storage.dll
0x00007ffe1c920000 - 0x00007ffe1c9fa000 	C:\WINDOWS\System32\SHCORE.dll
0x00007ffe1e5e0000 - 0x00007ffe1e63d000 	C:\WINDOWS\System32\shlwapi.dll
0x00007ffe1b960000 - 0x00007ffe1b98e000 	C:\WINDOWS\SYSTEM32\profapi.dll
0x00007ffe14a30000 - 0x00007ffe14a48000 	C:\Program Files\Java\jdk-17\bin\zip.dll
0x00007ffe14b80000 - 0x00007ffe14b99000 	C:\Program Files\Java\jdk-17\bin\net.dll
0x00007ffe170e0000 - 0x00007ffe17206000 	C:\WINDOWS\SYSTEM32\WINHTTP.dll
0x00007ffe1ad90000 - 0x00007ffe1adf8000 	C:\WINDOWS\system32\mswsock.dll
0x00007ffe14b60000 - 0x00007ffe14b76000 	C:\Program Files\Java\jdk-17\bin\nio.dll
0x00007ffe14970000 - 0x00007ffe1498a000 	C:\Program Files\JetBrains\IntelliJ IDEA Community Edition 2021.2.2\bin\breakgen64.dll
0x00007ffe149e0000 - 0x00007ffe149ea000 	C:\Program Files\Java\jdk-17\bin\management.dll
0x00007ffe149d0000 - 0x00007ffe149db000 	C:\Program Files\Java\jdk-17\bin\management_ext.dll
0x00007ffe149a0000 - 0x00007ffe149ae000 	C:\Program Files\Java\jdk-17\bin\sunmscapi.dll
0x00007ffe1c0b0000 - 0x00007ffe1c226000 	C:\WINDOWS\System32\CRYPT32.dll
0x00007ffe1b1c0000 - 0x00007ffe1b1f0000 	C:\WINDOWS\SYSTEM32\ncrypt.dll
0x00007ffe1b170000 - 0x00007ffe1b1af000 	C:\WINDOWS\SYSTEM32\NTASN1.dll
0x00007ffe1b030000 - 0x00007ffe1b04c000 	C:\WINDOWS\SYSTEM32\CRYPTSP.dll
0x00007ffe1a7f0000 - 0x00007ffe1a828000 	C:\WINDOWS\system32\rsaenh.dll
0x00007ffe1ae30000 - 0x00007ffe1ae5b000 	C:\WINDOWS\SYSTEM32\USERENV.dll
0x00007ffe1b200000 - 0x00007ffe1b226000 	C:\WINDOWS\SYSTEM32\bcrypt.dll
0x00007ffe1b050000 - 0x00007ffe1b05c000 	C:\WINDOWS\SYSTEM32\CRYPTBASE.dll
0x00007ffe1a2b0000 - 0x00007ffe1a2e2000 	C:\WINDOWS\SYSTEM32\IPHLPAPI.DLL
0x00007ffe1c560000 - 0x00007ffe1c56a000 	C:\WINDOWS\System32\NSI.dll
0x00007ffe17320000 - 0x00007ffe1733e000 	C:\WINDOWS\SYSTEM32\dhcpcsvc6.DLL
0x00007ffe170b0000 - 0x00007ffe170d5000 	C:\WINDOWS\SYSTEM32\dhcpcsvc.DLL
0x00007ffe1a340000 - 0x00007ffe1a465000 	C:\WINDOWS\SYSTEM32\DNSAPI.dll
0x00007ffe14b50000 - 0x00007ffe14b60000 	C:\Program Files\Java\jdk-17\bin\verify.dll
0x00007ffe12b90000 - 0x00007ffe12b9b000 	C:\Windows\System32\rasadhlp.dll
0x00007ffe174e0000 - 0x00007ffe17565000 	C:\WINDOWS\System32\fwpuclnt.dll

dbghelp: loaded successfully - version: 4.0.5 - missing functions: none
symbol engine: initialized successfully - sym options: 0x614 - pdb path: .;C:\Program Files\Java\jdk-17\bin;C:\WINDOWS\SYSTEM32;C:\WINDOWS\WinSxS\amd64_microsoft.windows.common-controls_6595b64144ccf1df_6.0.26100.2454_none_3e0b68a2e331ad60;C:\Program Files\Java\jdk-17\bin\server;C:\Program Files\JetBrains\IntelliJ IDEA Community Edition 2021.2.2\bin

VM Arguments:
jvm_args: -javaagent:C:\Program Files\JetBrains\IntelliJ IDEA Community Edition 2021.2.2\lib\idea_rt.jar=61136:C:\Program Files\JetBrains\IntelliJ IDEA Community Edition 2021.2.2\bin -Dfile.encoding=UTF-8 
java_command: co.ccc.pmv.PmvApplication
java_class_path (initial): C:\Autosmart\pmv\target\classes;C:\Users\shabe\.m2\repository\org\springframework\boot\spring-boot-starter-data-jpa\3.4.3\spring-boot-starter-data-jpa-3.4.3.jar;C:\Users\shabe\.m2\repository\org\springframework\boot\spring-boot-starter\3.4.3\spring-boot-starter-3.4.3.jar;C:\Users\shabe\.m2\repository\org\springframework\boot\spring-boot-starter-logging\3.4.3\spring-boot-starter-logging-3.4.3.jar;C:\Users\shabe\.m2\repository\ch\qos\logback\logback-classic\1.5.16\logback-classic-1.5.16.jar;C:\Users\shabe\.m2\repository\ch\qos\logback\logback-core\1.5.16\logback-core-1.5.16.jar;C:\Users\shabe\.m2\repository\org\apache\logging\log4j\log4j-to-slf4j\2.24.3\log4j-to-slf4j-2.24.3.jar;C:\Users\shabe\.m2\repository\org\slf4j\jul-to-slf4j\2.0.16\jul-to-slf4j-2.0.16.jar;C:\Users\shabe\.m2\repository\jakarta\annotation\jakarta.annotation-api\2.1.1\jakarta.annotation-api-2.1.1.jar;C:\Users\shabe\.m2\repository\org\yaml\snakeyaml\2.3\snakeyaml-2.3.jar;C:\Users\shabe\.m2\repository\org\springframework\boot\spring-boot-starter-jdbc\3.4.3\spring-boot-starter-jdbc-3.4.3.jar;C:\Users\shabe\.m2\repository\com\zaxxer\HikariCP\5.1.0\HikariCP-5.1.0.jar;C:\Users\shabe\.m2\repository\org\springframework\spring-jdbc\6.2.3\spring-jdbc-6.2.3.jar;C:\Users\shabe\.m2\repository\org\hibernate\orm\hibernate-core\6.6.8.Final\hibernate-core-6.6.8.Final.jar;C:\Users\shabe\.m2\repository\jakarta\persistence\jakarta.persistence-api\3.1.0\jakarta.persistence-api-3.1.0.jar;C:\Users\shabe\.m2\repository\jakarta\transaction\jakarta.transaction-api\2.0.1\jakarta.transaction-api-2.0.1.jar;C:\Users\shabe\.m2\repository\org\jboss\logging\jboss-logging\3.6.1.Final\jboss-logging-3.6.1.Final.jar;C:\Users\shabe\.m2\repository\org\hibernate\common\hibernate-commons-annotations\7.0.3.Final\hibernate-commons-annotations-7.0.3.Final.jar;C:\Users\shabe\.m2\repository\io\smallrye\jandex\3.2.0\jandex-3.2.0.jar;C:\Users\shabe\.m2\repository\com\fasterxml\classmate\1.7.0\classmate-1.7.0.jar;C:\U
Launcher Type: SUN_STANDARD

[Global flags]
     intx CICompilerCount                          = 4                                         {product} {ergonomic}
     uint ConcGCThreads                            = 2                                         {product} {ergonomic}
     uint G1ConcRefinementThreads                  = 8                                         {product} {ergonomic}
   size_t G1HeapRegionSize                         = 1048576                                   {product} {ergonomic}
    uintx GCDrainStackTargetSize                   = 64                                        {product} {ergonomic}
   size_t InitialHeapSize                          = 121634816                                 {product} {ergonomic}
   size_t MarkStackSize                            = 4194304                                   {product} {ergonomic}
   size_t MaxHeapSize                              = 1944059904                                {product} {ergonomic}
   size_t MaxNewSize                               = 1166016512                                {product} {ergonomic}
   size_t MinHeapDeltaBytes                        = 1048576                                   {product} {ergonomic}
   size_t MinHeapSize                              = 8388608                                   {product} {ergonomic}
    uintx NonNMethodCodeHeapSize                   = 5839372                                {pd product} {ergonomic}
    uintx NonProfiledCodeHeapSize                  = 122909434                              {pd product} {ergonomic}
    uintx ProfiledCodeHeapSize                     = 122909434                              {pd product} {ergonomic}
    uintx ReservedCodeCacheSize                    = 251658240                              {pd product} {ergonomic}
     bool SegmentedCodeCache                       = true                                      {product} {ergonomic}
   size_t SoftMaxHeapSize                          = 1944059904                             {manageable} {ergonomic}
     bool UseCompressedClassPointers               = true                           {product lp64_product} {ergonomic}
     bool UseCompressedOops                        = true                           {product lp64_product} {ergonomic}
     bool UseG1GC                                  = true                                      {product} {ergonomic}
     bool UseLargePagesIndividualAllocation        = false                                  {pd product} {ergonomic}

Logging:
Log output configuration:
 #0: stdout all=warning uptime,level,tags
 #1: stderr all=off uptime,level,tags

Environment Variables:
JAVA_HOME=C:\Program Files\Java\jdk-17
PATH=C:\Program Files (x86)\Common Files\Oracle\Java\javapath;C:\Program Files\Common Files\Oracle\Java\javapath;C:\WINDOWS\system32;C:\WINDOWS;C:\WINDOWS\System32\Wbem;C:\WINDOWS\System32\WindowsPowerShell\v1.0\;C:\WINDOWS\System32\OpenSSH\;C:\Program Files\Git\cmd;C:\Program Files\PuTTY\;C:\Program Files\nodejs\;C:\Program Files\MySQL\MySQL Shell 8.0\bin\;C:\Users\shabe\AppData\Local\Microsoft\WindowsApps;C:\Users\shabe\AppData\Local\Programs\Microsoft VS Code\bin;C:\apache-maven-3.9.9-bin\apache-maven-3.9.9\bin;C:\Program Files\Java\jdk-17\bin;C:\Users\shabe\AppData\Roaming\npm;
USERNAME=shabe
OS=Windows_NT
PROCESSOR_IDENTIFIER=AMD64 Family 23 Model 160 Stepping 0, AuthenticAMD



---------------  S Y S T E M  ---------------

OS:
 Windows 11 , 64 bit Build 26100 (10.0.26100.2454)
OS uptime: 1 days 23:13 hours
Hyper-V role detected

CPU: total 8 (initial active 8) (8 cores per cpu, 2 threads per core) family 23 model 160 stepping 0 microcode 0x8a00006, cx8, cmov, fxsr, ht, mmx, 3dnowpref, sse, sse2, sse3, ssse3, sse4a, sse4.1, sse4.2, popcnt, lzcnt, tsc, tscinvbit, avx, avx2, aes, clmul, bmi1, bmi2, adx, sha, fma, vzeroupper, clflush, clflushopt, hv

Memory: 4k page, system-wide physical 7413M (522M free)
TotalPageFile size 29941M (AvailPageFile size 30M)
current process WorkingSet (physical memory assigned to process): 263M, peak: 268M
current process commit charge ("private bytes"): 319M, peak: 356M

vm_info: Java HotSpot(TM) 64-Bit Server VM (17.0.12+8-LTS-286) for windows-amd64 JRE (17.0.12+8-LTS-286), built on Jun  5 2024 06:46:59 by "mach5one" with MS VC++ 17.6 (VS2022)

END.
