#
# There is insufficient memory for the Java Runtime Environment to continue.
# Native memory allocation (malloc) failed to allocate 1925280 bytes for Chunk::new
# Possible reasons:
#   The system is out of physical RAM or swap space
#   The process is running with CompressedOops enabled, and the Java Heap may be blocking the growth of the native heap
# Possible solutions:
#   Reduce memory load on the system
#   Increase physical memory or swap space
#   Check if swap backing store is full
#   Decrease Java heap size (-Xmx/-Xms)
#   Decrease number of Java threads
#   Decrease Java thread stack sizes (-Xss)
#   Set larger code cache with -XX:ReservedCodeCacheSize=
#   JVM is running with Unscaled Compressed Oops mode in which the Java heap is
#     placed in the first 4GB address space. The Java Heap base address is the
#     maximum limit for the native heap growth. Please use -XX:HeapBaseMinAddress
#     to set the Java Heap base and to place the Java Heap above 4GB virtual address.
# This output file may be truncated or incomplete.
#
#  Out of Memory Error (arena.cpp:189), pid=23932, tid=7092
#
# JRE version: Java(TM) SE Runtime Environment (17.0.12+8) (build 17.0.12+8-LTS-286)
# Java VM: Java HotSpot(TM) 64-Bit Server VM (17.0.12+8-LTS-286, mixed mode, sharing, tiered, compressed oops, compressed class ptrs, g1 gc, windows-amd64)
# No core dump will be written. Minidumps are not enabled by default on client versions of Windows
#

---------------  S U M M A R Y ------------

Command Line: -javaagent:C:\Program Files\JetBrains\IntelliJ IDEA Community Edition 2021.2.2\lib\idea_rt.jar=60278:C:\Program Files\JetBrains\IntelliJ IDEA Community Edition 2021.2.2\bin -Dfile.encoding=UTF-8 co.ccc.pmv.PmvApplication

Host: AMD Ryzen 5 7520U with Radeon Graphics         , 8 cores, 7G,  Windows 11 , 64 bit Build 26100 (10.0.26100.2454)
Time: Tue Mar 11 15:31:07 2025 India Standard Time elapsed time: 27.021934 seconds (0d 0h 0m 27s)

---------------  T H R E A D  ---------------

Current thread (0x000002736bf40220):  JavaThread "C2 CompilerThread0" daemon [_thread_in_native, id=7092, stack(0x000000f8a0800000,0x000000f8a0900000)]


Current CompileTask:
C2:  27022 6182 % !   4       org.springframework.util.ReflectionUtils::doWithMethods @ 31 (189 bytes)

Stack: [0x000000f8a0800000,0x000000f8a0900000]
Native frames: (J=compiled Java code, j=interpreted, Vv=VM code, C=native code)
V  [jvm.dll+0x67a04a]
V  [jvm.dll+0x7da4ed]
V  [jvm.dll+0x7dbe33]
V  [jvm.dll+0x7dc4a3]
V  [jvm.dll+0x24508f]
V  [jvm.dll+0xab773]
V  [jvm.dll+0xabd3c]
V  [jvm.dll+0x361bee]
V  [jvm.dll+0x32c431]
V  [jvm.dll+0x32b8ca]
V  [jvm.dll+0x21683f]
V  [jvm.dll+0x215c6f]
V  [jvm.dll+0x1a2960]
V  [jvm.dll+0x22610b]
V  [jvm.dll+0x2242ab]
V  [jvm.dll+0x79075c]
V  [jvm.dll+0x78abea]
V  [jvm.dll+0x678f35]
C  [ucrtbase.dll+0x14ea0]
C  [KERNEL32.DLL+0x2e8d7]
C  [ntdll.dll+0xdfbcc]


---------------  P R O C E S S  ---------------

Threads class SMR info:
_java_thread_list=0x00000273747f3530, length=18, elements={
0x000002734e46b7a0, 0x000002736bf1c550, 0x000002736bf1dc80, 0x000002736bf31e60,
0x000002736bf34840, 0x000002736bf35c80, 0x000002736bf3f570, 0x000002736bf40220,
0x000002736bf48bf0, 0x000002736bf49ca0, 0x000002736bf058a0, 0x00000273705234d0,
0x000002737050d350, 0x0000027371052b80, 0x0000027370b022c0, 0x0000027371aa6970,
0x0000027371aa6e80, 0x0000027371faaaf0
}

Java Threads: ( => current thread )
  0x000002734e46b7a0 JavaThread "main" [_thread_blocked, id=15676, stack(0x000000f89fb00000,0x000000f89fc00000)]
  0x000002736bf1c550 JavaThread "Reference Handler" daemon [_thread_blocked, id=18808, stack(0x000000f8a0200000,0x000000f8a0300000)]
  0x000002736bf1dc80 JavaThread "Finalizer" daemon [_thread_blocked, id=20844, stack(0x000000f8a0300000,0x000000f8a0400000)]
  0x000002736bf31e60 JavaThread "Signal Dispatcher" daemon [_thread_blocked, id=2500, stack(0x000000f8a0400000,0x000000f8a0500000)]
  0x000002736bf34840 JavaThread "Attach Listener" daemon [_thread_blocked, id=24096, stack(0x000000f8a0500000,0x000000f8a0600000)]
  0x000002736bf35c80 JavaThread "Service Thread" daemon [_thread_blocked, id=1636, stack(0x000000f8a0600000,0x000000f8a0700000)]
  0x000002736bf3f570 JavaThread "Monitor Deflation Thread" daemon [_thread_blocked, id=14096, stack(0x000000f8a0700000,0x000000f8a0800000)]
=>0x000002736bf40220 JavaThread "C2 CompilerThread0" daemon [_thread_in_native, id=7092, stack(0x000000f8a0800000,0x000000f8a0900000)]
  0x000002736bf48bf0 JavaThread "C1 CompilerThread0" daemon [_thread_blocked, id=6784, stack(0x000000f8a0900000,0x000000f8a0a00000)]
  0x000002736bf49ca0 JavaThread "Sweeper thread" daemon [_thread_blocked, id=12188, stack(0x000000f8a0a00000,0x000000f8a0b00000)]
  0x000002736bf058a0 JavaThread "Common-Cleaner" daemon [_thread_blocked, id=3516, stack(0x000000f8a0b00000,0x000000f8a0c00000)]
  0x00000273705234d0 JavaThread "Monitor Ctrl-Break" daemon [_thread_in_native, id=1264, stack(0x000000f8a0d00000,0x000000f8a0e00000)]
  0x000002737050d350 JavaThread "Notification Thread" daemon [_thread_blocked, id=13568, stack(0x000000f8a0e00000,0x000000f8a0f00000)]
  0x0000027371052b80 JavaThread "Thread-0" [_thread_blocked, id=6348, stack(0x000000f8a0c00000,0x000000f8a0d00000)]
  0x0000027370b022c0 JavaThread "restartedMain" [_thread_in_native_trans, id=18224, stack(0x000000f8a1000000,0x000000f8a1100000)]
  0x0000027371aa6970 JavaThread "mysql-cj-abandoned-connection-cleanup" daemon [_thread_blocked, id=22396, stack(0x000000f8a1800000,0x000000f8a1900000)]
  0x0000027371aa6e80 JavaThread "HikariPool-1 housekeeper" daemon [_thread_blocked, id=10512, stack(0x000000f8a1c00000,0x000000f8a1d00000)]
  0x0000027371faaaf0 JavaThread "C2 CompilerThread1" daemon [_thread_in_native, id=21132, stack(0x000000f8a1a00000,0x000000f8a1b00000)]

Other Threads:
  0x000002736bf173a0 VMThread "VM Thread" [stack: 0x000000f8a0100000,0x000000f8a0200000] [id=25520]
  0x000002737050d830 WatcherThread [stack: 0x000000f8a0f00000,0x000000f8a1000000] [id=13680]
  0x000002734e4c0c60 GCTaskThread "GC Thread#0" [stack: 0x000000f89fc00000,0x000000f89fd00000] [id=17268]
  0x0000027370c22c50 GCTaskThread "GC Thread#1" [stack: 0x000000f8a1100000,0x000000f8a1200000] [id=23324]
  0x0000027370b91900 GCTaskThread "GC Thread#2" [stack: 0x000000f8a1200000,0x000000f8a1300000] [id=12616]
  0x0000027370b91bc0 GCTaskThread "GC Thread#3" [stack: 0x000000f8a1300000,0x000000f8a1400000] [id=15960]
  0x0000027370b91e80 GCTaskThread "GC Thread#4" [stack: 0x000000f8a1400000,0x000000f8a1500000] [id=25432]
  0x0000027370b92140 GCTaskThread "GC Thread#5" [stack: 0x000000f8a1500000,0x000000f8a1600000] [id=13244]
  0x0000027370af2160 GCTaskThread "GC Thread#6" [stack: 0x000000f8a1600000,0x000000f8a1700000] [id=12144]
  0x0000027370af2420 GCTaskThread "GC Thread#7" [stack: 0x000000f8a1700000,0x000000f8a1800000] [id=2216]
  0x000002734e4d0370 ConcurrentGCThread "G1 Main Marker" [stack: 0x000000f89fd00000,0x000000f89fe00000] [id=8464]
  0x000002734e4d0d80 ConcurrentGCThread "G1 Conc#0" [stack: 0x000000f89fe00000,0x000000f89ff00000] [id=24404]
  0x00000273729762c0 ConcurrentGCThread "G1 Conc#1" [stack: 0x000000f8a1b00000,0x000000f8a1c00000] [id=18864]
  0x000002736bdd20b0 ConcurrentGCThread "G1 Refine#0" [stack: 0x000000f89ff00000,0x000000f8a0000000] [id=17860]
  0x000002736bdd2980 ConcurrentGCThread "G1 Service" [stack: 0x000000f8a0000000,0x000000f8a0100000] [id=23356]

Threads with active compile tasks:
C2 CompilerThread0    27081 6182 % !   4       org.springframework.util.ReflectionUtils::doWithMethods @ 31 (189 bytes)
C2 CompilerThread1    27082 6203       4       org.springframework.core.BridgeMethodResolver::resolveBridgeMethod (180 bytes)

VM state: not at safepoint (normal execution)

VM Mutex/Monitor currently owned by a thread: None

Heap address: 0x000000008c200000, size: 1854 MB, Compressed Oops mode: 32-bit

CDS archive(s) mapped at: [0x0000027300000000-0x0000027300bd0000-0x0000027300bd0000), size 12386304, SharedBaseAddress: 0x0000027300000000, ArchiveRelocationMode: 1.
Compressed class space mapped at: 0x0000027301000000-0x0000027341000000, reserved size: 1073741824
Narrow klass base: 0x0000027300000000, Narrow klass shift: 0, Narrow klass range: 0x100000000

GC Precious Log:
 CPUs: 8 total, 8 available
 Memory: 7413M
 Large Page Support: Disabled
 NUMA Support: Disabled
 Compressed Oops: Enabled (32-bit)
 Heap Region Size: 1M
 Heap Min Capacity: 8M
 Heap Initial Capacity: 116M
 Heap Max Capacity: 1854M
 Pre-touch: Disabled
 Parallel Workers: 8
 Concurrent Workers: 2
 Concurrent Refinement Workers: 8
 Periodic GC: Disabled

Heap:
 garbage-first heap   total 58368K, used 44566K [0x000000008c200000, 0x0000000100000000)
  region size 1024K, 20 young (20480K), 3 survivors (3072K)
 Metaspace       used 66797K, committed 67328K, reserved 1114112K
  class space    used 9109K, committed 9344K, reserved 1048576K

Heap Regions: E=young(eden), S=young(survivor), O=old, HS=humongous(starts), HC=humongous(continues), CS=collection set, F=free, OA=open archive, CA=closed archive, TAMS=top-at-mark-start (previous, next)
|   0|0x000000008c200000, 0x000000008c300000, 0x000000008c300000|100%|HS|  |TAMS 0x000000008c300000, 0x000000008c200000| Complete 
|   1|0x000000008c300000, 0x000000008c400000, 0x000000008c400000|100%|HS|  |TAMS 0x000000008c400000, 0x000000008c300000| Complete 
|   2|0x000000008c400000, 0x000000008c500000, 0x000000008c500000|100%| O|  |TAMS 0x000000008c500000, 0x000000008c400000| Untracked 
|   3|0x000000008c500000, 0x000000008c600000, 0x000000008c600000|100%| O|  |TAMS 0x000000008c600000, 0x000000008c500000| Untracked 
|   4|0x000000008c600000, 0x000000008c700000, 0x000000008c700000|100%| O|  |TAMS 0x000000008c700000, 0x000000008c600000| Untracked 
|   5|0x000000008c700000, 0x000000008c800000, 0x000000008c800000|100%| O|  |TAMS 0x000000008c800000, 0x000000008c700000| Untracked 
|   6|0x000000008c800000, 0x000000008c900000, 0x000000008c900000|100%| O|  |TAMS 0x000000008c900000, 0x000000008c800000| Untracked 
|   7|0x000000008c900000, 0x000000008ca00000, 0x000000008ca00000|100%| O|  |TAMS 0x000000008ca00000, 0x000000008c900000| Untracked 
|   8|0x000000008ca00000, 0x000000008cb00000, 0x000000008cb00000|100%| O|  |TAMS 0x000000008cb00000, 0x000000008ca00000| Untracked 
|   9|0x000000008cb00000, 0x000000008cc00000, 0x000000008cc00000|100%| O|  |TAMS 0x000000008cc00000, 0x000000008cb00000| Untracked 
|  10|0x000000008cc00000, 0x000000008cd00000, 0x000000008cd00000|100%| O|  |TAMS 0x000000008cd00000, 0x000000008cc00000| Untracked 
|  11|0x000000008cd00000, 0x000000008ce00000, 0x000000008ce00000|100%| O|  |TAMS 0x000000008ce00000, 0x000000008cd00000| Untracked 
|  12|0x000000008ce00000, 0x000000008cf00000, 0x000000008cf00000|100%| O|  |TAMS 0x000000008cf00000, 0x000000008ce00000| Untracked 
|  13|0x000000008cf00000, 0x000000008d000000, 0x000000008d000000|100%| O|  |TAMS 0x000000008d000000, 0x000000008cf00000| Untracked 
|  14|0x000000008d000000, 0x000000008d100000, 0x000000008d100000|100%| O|  |TAMS 0x000000008d100000, 0x000000008d000000| Untracked 
|  15|0x000000008d100000, 0x000000008d200000, 0x000000008d200000|100%| O|  |TAMS 0x000000008d200000, 0x000000008d100000| Untracked 
|  16|0x000000008d200000, 0x000000008d300000, 0x000000008d300000|100%| O|  |TAMS 0x000000008d300000, 0x000000008d200000| Untracked 
|  17|0x000000008d300000, 0x000000008d400000, 0x000000008d400000|100%| O|  |TAMS 0x000000008d400000, 0x000000008d300000| Untracked 
|  18|0x000000008d400000, 0x000000008d500000, 0x000000008d500000|100%| O|  |TAMS 0x000000008d500000, 0x000000008d400000| Untracked 
|  19|0x000000008d500000, 0x000000008d600000, 0x000000008d600000|100%| O|  |TAMS 0x000000008d600000, 0x000000008d500000| Untracked 
|  20|0x000000008d600000, 0x000000008d700000, 0x000000008d700000|100%| O|  |TAMS 0x000000008d700000, 0x000000008d600000| Untracked 
|  21|0x000000008d700000, 0x000000008d800000, 0x000000008d800000|100%| O|  |TAMS 0x000000008d800000, 0x000000008d700000| Untracked 
|  22|0x000000008d800000, 0x000000008d900000, 0x000000008d900000|100%| O|  |TAMS 0x000000008d900000, 0x000000008d800000| Untracked 
|  23|0x000000008d900000, 0x000000008da00000, 0x000000008da00000|100%| O|  |TAMS 0x000000008da00000, 0x000000008d900000| Untracked 
|  24|0x000000008da00000, 0x000000008dacc400, 0x000000008db00000| 79%| O|  |TAMS 0x000000008dacc400, 0x000000008da00000| Untracked 
|  25|0x000000008db00000, 0x000000008db00000, 0x000000008dc00000|  0%| F|  |TAMS 0x000000008db00000, 0x000000008db00000| Untracked 
|  26|0x000000008dc00000, 0x000000008dc00000, 0x000000008dd00000|  0%| F|  |TAMS 0x000000008dc00000, 0x000000008dc00000| Untracked 
|  27|0x000000008dd00000, 0x000000008dd00000, 0x000000008de00000|  0%| F|  |TAMS 0x000000008dd00000, 0x000000008dd00000| Untracked 
|  28|0x000000008de00000, 0x000000008de00000, 0x000000008df00000|  0%| F|  |TAMS 0x000000008de00000, 0x000000008de00000| Untracked 
|  29|0x000000008df00000, 0x000000008df00000, 0x000000008e000000|  0%| F|  |TAMS 0x000000008df00000, 0x000000008df00000| Untracked 
|  30|0x000000008e000000, 0x000000008e000000, 0x000000008e100000|  0%| F|  |TAMS 0x000000008e000000, 0x000000008e000000| Untracked 
|  31|0x000000008e100000, 0x000000008e100000, 0x000000008e200000|  0%| F|  |TAMS 0x000000008e100000, 0x000000008e100000| Untracked 
|  32|0x000000008e200000, 0x000000008e2b9640, 0x000000008e300000| 72%| S|CS|TAMS 0x000000008e200000, 0x000000008e200000| Complete 
|  33|0x000000008e300000, 0x000000008e400000, 0x000000008e400000|100%| S|CS|TAMS 0x000000008e300000, 0x000000008e300000| Complete 
|  34|0x000000008e400000, 0x000000008e500000, 0x000000008e500000|100%| S|CS|TAMS 0x000000008e400000, 0x000000008e400000| Complete 
|  35|0x000000008e500000, 0x000000008e500000, 0x000000008e600000|  0%| F|  |TAMS 0x000000008e500000, 0x000000008e500000| Untracked 
|  36|0x000000008e600000, 0x000000008e600000, 0x000000008e700000|  0%| F|  |TAMS 0x000000008e600000, 0x000000008e600000| Untracked 
|  37|0x000000008e700000, 0x000000008e700000, 0x000000008e800000|  0%| F|  |TAMS 0x000000008e700000, 0x000000008e700000| Untracked 
|  38|0x000000008e800000, 0x000000008e800000, 0x000000008e900000|  0%| F|  |TAMS 0x000000008e800000, 0x000000008e800000| Untracked 
|  39|0x000000008e900000, 0x000000008e900000, 0x000000008ea00000|  0%| F|  |TAMS 0x000000008e900000, 0x000000008e900000| Untracked 
|  40|0x000000008ea00000, 0x000000008eb00000, 0x000000008eb00000|100%| E|  |TAMS 0x000000008ea00000, 0x000000008ea00000| Complete 
|  41|0x000000008eb00000, 0x000000008ec00000, 0x000000008ec00000|100%| E|CS|TAMS 0x000000008eb00000, 0x000000008eb00000| Complete 
|  42|0x000000008ec00000, 0x000000008ed00000, 0x000000008ed00000|100%| E|CS|TAMS 0x000000008ec00000, 0x000000008ec00000| Complete 
|  43|0x000000008ed00000, 0x000000008ee00000, 0x000000008ee00000|100%| E|CS|TAMS 0x000000008ed00000, 0x000000008ed00000| Complete 
|  44|0x000000008ee00000, 0x000000008ef00000, 0x000000008ef00000|100%| E|CS|TAMS 0x000000008ee00000, 0x000000008ee00000| Complete 
|  45|0x000000008ef00000, 0x000000008f000000, 0x000000008f000000|100%| E|CS|TAMS 0x000000008ef00000, 0x000000008ef00000| Complete 
|  46|0x000000008f000000, 0x000000008f100000, 0x000000008f100000|100%| E|CS|TAMS 0x000000008f000000, 0x000000008f000000| Complete 
|  47|0x000000008f100000, 0x000000008f200000, 0x000000008f200000|100%| E|CS|TAMS 0x000000008f100000, 0x000000008f100000| Complete 
|  48|0x000000008f200000, 0x000000008f300000, 0x000000008f300000|100%| E|CS|TAMS 0x000000008f200000, 0x000000008f200000| Complete 
|  64|0x0000000090200000, 0x0000000090300000, 0x0000000090300000|100%| E|CS|TAMS 0x0000000090200000, 0x0000000090200000| Complete 
|  65|0x0000000090300000, 0x0000000090400000, 0x0000000090400000|100%| E|CS|TAMS 0x0000000090300000, 0x0000000090300000| Complete 
|  66|0x0000000090400000, 0x0000000090500000, 0x0000000090500000|100%| E|CS|TAMS 0x0000000090400000, 0x0000000090400000| Complete 
|  67|0x0000000090500000, 0x0000000090600000, 0x0000000090600000|100%| E|CS|TAMS 0x0000000090500000, 0x0000000090500000| Complete 
|  68|0x0000000090600000, 0x0000000090700000, 0x0000000090700000|100%| E|CS|TAMS 0x0000000090600000, 0x0000000090600000| Complete 
|  69|0x0000000090700000, 0x0000000090800000, 0x0000000090800000|100%| E|CS|TAMS 0x0000000090700000, 0x0000000090700000| Complete 
|  70|0x0000000090800000, 0x0000000090900000, 0x0000000090900000|100%| E|CS|TAMS 0x0000000090800000, 0x0000000090800000| Complete 
| 115|0x0000000093500000, 0x0000000093600000, 0x0000000093600000|100%| E|CS|TAMS 0x0000000093500000, 0x0000000093500000| Complete 

Card table byte_map: [0x00000273653f0000,0x0000027365790000] _byte_map_base: 0x0000027364f8f000

Marking Bits (Prev, Next): (CMBitMap*) 0x000002734e4c12c0, (CMBitMap*) 0x000002734e4c1280
 Prev Bits: [0x0000027367830000, 0x0000027369528000)
 Next Bits: [0x0000027365b30000, 0x0000027367828000)

Polling page: 0x000002734dc30000

Metaspace:

Usage:
  Non-class:     56.34 MB used.
      Class:      8.90 MB used.
       Both:     65.23 MB used.

Virtual space:
  Non-class space:       64.00 MB reserved,      56.62 MB ( 88%) committed,  1 nodes.
      Class space:        1.00 GB reserved,       9.12 MB ( <1%) committed,  1 nodes.
             Both:        1.06 GB reserved,      65.75 MB (  6%) committed. 

Chunk freelists:
   Non-Class:  7.02 MB
       Class:  6.89 MB
        Both:  13.91 MB

MaxMetaspaceSize: unlimited
CompressedClassSpaceSize: 1.00 GB
Initial GC threshold: 21.00 MB
Current GC threshold: 98.69 MB
CDS: on
MetaspaceReclaimPolicy: balanced
 - commit_granule_bytes: 65536.
 - commit_granule_words: 8192.
 - virtual_space_node_default_size: 8388608.
 - enlarge_chunks_in_place: 1.
 - new_chunks_are_fully_committed: 0.
 - uncommit_free_chunks: 1.
 - use_allocation_guard: 0.
 - handle_deallocations: 1.


Internal statistics:

num_allocs_failed_limit: 9.
num_arena_births: 756.
num_arena_deaths: 0.
num_vsnodes_births: 2.
num_vsnodes_deaths: 0.
num_space_committed: 1052.
num_space_uncommitted: 0.
num_chunks_returned_to_freelist: 9.
num_chunks_taken_from_freelist: 3133.
num_chunk_merges: 9.
num_chunk_splits: 2248.
num_chunks_enlarged: 1755.
num_inconsistent_stats: 0.

CodeHeap 'non-profiled nmethods': size=120000Kb used=4092Kb max_used=4135Kb free=115908Kb
 bounds [0x000002735d7f0000, 0x000002735dc00000, 0x0000027364d20000]
CodeHeap 'profiled nmethods': size=120000Kb used=11111Kb max_used=11111Kb free=108888Kb
 bounds [0x0000027355d20000, 0x0000027356800000, 0x000002735d250000]
CodeHeap 'non-nmethods': size=5760Kb used=1364Kb max_used=1401Kb free=4396Kb
 bounds [0x000002735d250000, 0x000002735d4c0000, 0x000002735d7f0000]
 total_blobs=6178 nmethods=5483 adapters=607
 compilation: enabled
              stopped_count=0, restarted_count=0
 full_count=0

Compilation events (20 events):
Event: 25.945 Thread 0x000002736bf48bf0 6209   !   3       jdk.proxy2.$Proxy7::annotationType (29 bytes)
Event: 25.946 Thread 0x000002736bf48bf0 nmethod 6209 0x00000273567f0290 code [0x00000273567f0460, 0x00000273567f0858]
Event: 25.946 Thread 0x000002736bf48bf0 6210   !   3       jdk.proxy2.$Proxy51::annotationType (29 bytes)
Event: 25.947 Thread 0x000002736bf48bf0 nmethod 6210 0x00000273567f0a10 code [0x00000273567f0be0, 0x00000273567f0fd8]
Event: 25.965 Thread 0x000002736bf48bf0 6211       3       org.springframework.aop.framework.autoproxy.AutoProxyUtils::isOriginalInstance (55 bytes)
Event: 25.967 Thread 0x000002736bf48bf0 nmethod 6211 0x00000273567f1190 code [0x00000273567f1420, 0x00000273567f2038]
Event: 25.971 Thread 0x000002736bf48bf0 6212       3       org.springframework.core.BridgeMethodResolver::getMostSpecificMethod (53 bytes)
Event: 25.974 Thread 0x000002736bf48bf0 nmethod 6212 0x00000273567f2490 code [0x00000273567f2800, 0x00000273567f3ec8]
Event: 26.002 Thread 0x000002736bf48bf0 6213       3       org.springframework.beans.factory.annotation.InjectionMetadata::<init> (15 bytes)
Event: 26.002 Thread 0x000002736bf48bf0 nmethod 6213 0x00000273567f4690 code [0x00000273567f4840, 0x00000273567f4a58]
Event: 26.007 Thread 0x000002736bf48bf0 6215       3       sun.reflect.annotation.AnnotationInvocationHandler::invoke (178 bytes)
Event: 26.008 Thread 0x000002736bf48bf0 nmethod 6215 0x00000273567f4b10 code [0x00000273567f4e20, 0x00000273567f5f68]
Event: 26.008 Thread 0x000002736bf48bf0 6216   !   3       jdk.proxy2.$Proxy21::annotationType (29 bytes)
Event: 26.008 Thread 0x000002736bf48bf0 nmethod 6216 0x00000273567f6490 code [0x00000273567f6660, 0x00000273567f6a58]
Event: 26.009 Thread 0x000002736bf48bf0 6217       3       org.springframework.beans.AbstractNestablePropertyAccessor::getWrappedClass (8 bytes)
Event: 26.009 Thread 0x000002736bf48bf0 nmethod 6217 0x00000273567f6c10 code [0x00000273567f6de0, 0x00000273567f7148]
Event: 26.012 Thread 0x000002736bf48bf0 6219       3       org.springframework.transaction.interceptor.AbstractFallbackTransactionAttributeSource::computeTransactionAttribute (112 bytes)
Event: 26.014 Thread 0x000002736bf48bf0 nmethod 6219 0x00000273567f7310 code [0x00000273567f76a0, 0x00000273567f9108]
Event: 26.014 Thread 0x000002736bf48bf0 6221   !   3       org.springframework.beans.factory.annotation.InitDestroyAnnotationBeanPostProcessor::findLifecycleMetadata (87 bytes)
Event: 26.014 Thread 0x000002736bf48bf0 nmethod 6221 0x00000273567f9890 code [0x00000273567f9aa0, 0x00000273567fa288]

GC Heap History (20 events):
Event: 12.551 GC heap before
{Heap before GC invocations=7 (full 0):
 garbage-first heap   total 58368K, used 40580K [0x000000008c200000, 0x0000000100000000)
  region size 1024K, 25 young (25600K), 2 survivors (2048K)
 Metaspace       used 31012K, committed 31488K, reserved 1114112K
  class space    used 4091K, committed 4288K, reserved 1048576K
}
Event: 12.556 GC heap after
{Heap after GC invocations=8 (full 0):
 garbage-first heap   total 58368K, used 20127K [0x000000008c200000, 0x0000000100000000)
  region size 1024K, 4 young (4096K), 4 survivors (4096K)
 Metaspace       used 31012K, committed 31488K, reserved 1114112K
  class space    used 4091K, committed 4288K, reserved 1048576K
}
Event: 14.826 GC heap before
{Heap before GC invocations=8 (full 0):
 garbage-first heap   total 58368K, used 41631K [0x000000008c200000, 0x0000000100000000)
  region size 1024K, 26 young (26624K), 4 survivors (4096K)
 Metaspace       used 33919K, committed 34368K, reserved 1114112K
  class space    used 4418K, committed 4672K, reserved 1048576K
}
Event: 14.833 GC heap after
{Heap after GC invocations=9 (full 0):
 garbage-first heap   total 58368K, used 21747K [0x000000008c200000, 0x0000000100000000)
  region size 1024K, 2 young (2048K), 2 survivors (2048K)
 Metaspace       used 33919K, committed 34368K, reserved 1114112K
  class space    used 4418K, committed 4672K, reserved 1048576K
}
Event: 15.723 GC heap before
{Heap before GC invocations=9 (full 0):
 garbage-first heap   total 58368K, used 30963K [0x000000008c200000, 0x0000000100000000)
  region size 1024K, 12 young (12288K), 2 survivors (2048K)
 Metaspace       used 35658K, committed 36096K, reserved 1114112K
  class space    used 4650K, committed 4864K, reserved 1048576K
}
Event: 15.726 GC heap after
{Heap after GC invocations=10 (full 0):
 garbage-first heap   total 58368K, used 22017K [0x000000008c200000, 0x0000000100000000)
  region size 1024K, 2 young (2048K), 2 survivors (2048K)
 Metaspace       used 35658K, committed 36096K, reserved 1114112K
  class space    used 4650K, committed 4864K, reserved 1048576K
}
Event: 17.991 GC heap before
{Heap before GC invocations=11 (full 0):
 garbage-first heap   total 58368K, used 44545K [0x000000008c200000, 0x0000000100000000)
  region size 1024K, 24 young (24576K), 2 survivors (2048K)
 Metaspace       used 41099K, committed 41536K, reserved 1114112K
  class space    used 5544K, committed 5760K, reserved 1048576K
}
Event: 17.996 GC heap after
{Heap after GC invocations=12 (full 0):
 garbage-first heap   total 58368K, used 23549K [0x000000008c200000, 0x0000000100000000)
  region size 1024K, 3 young (3072K), 3 survivors (3072K)
 Metaspace       used 41099K, committed 41536K, reserved 1114112K
  class space    used 5544K, committed 5760K, reserved 1048576K
}
Event: 18.071 GC heap before
{Heap before GC invocations=12 (full 0):
 garbage-first heap   total 58368K, used 23549K [0x000000008c200000, 0x0000000100000000)
  region size 1024K, 4 young (4096K), 3 survivors (3072K)
 Metaspace       used 41621K, committed 42112K, reserved 1114112K
  class space    used 5584K, committed 5824K, reserved 1048576K
}
Event: 18.074 GC heap after
{Heap after GC invocations=13 (full 0):
 garbage-first heap   total 58368K, used 23493K [0x000000008c200000, 0x0000000100000000)
  region size 1024K, 1 young (1024K), 1 survivors (1024K)
 Metaspace       used 41621K, committed 42112K, reserved 1114112K
  class space    used 5584K, committed 5824K, reserved 1048576K
}
Event: 20.655 GC heap before
{Heap before GC invocations=13 (full 0):
 garbage-first heap   total 58368K, used 43973K [0x000000008c200000, 0x0000000100000000)
  region size 1024K, 22 young (22528K), 1 survivors (1024K)
 Metaspace       used 50050K, committed 50560K, reserved 1114112K
  class space    used 6630K, committed 6848K, reserved 1048576K
}
Event: 20.659 GC heap after
{Heap after GC invocations=14 (full 0):
 garbage-first heap   total 58368K, used 25474K [0x000000008c200000, 0x0000000100000000)
  region size 1024K, 3 young (3072K), 3 survivors (3072K)
 Metaspace       used 50050K, committed 50560K, reserved 1114112K
  class space    used 6630K, committed 6848K, reserved 1048576K
}
Event: 22.144 GC heap before
{Heap before GC invocations=14 (full 0):
 garbage-first heap   total 58368K, used 43906K [0x000000008c200000, 0x0000000100000000)
  region size 1024K, 22 young (22528K), 3 survivors (3072K)
 Metaspace       used 54397K, committed 54848K, reserved 1114112K
  class space    used 7179K, committed 7424K, reserved 1048576K
}
Event: 22.149 GC heap after
{Heap after GC invocations=15 (full 0):
 garbage-first heap   total 58368K, used 26516K [0x000000008c200000, 0x0000000100000000)
  region size 1024K, 2 young (2048K), 2 survivors (2048K)
 Metaspace       used 54397K, committed 54848K, reserved 1114112K
  class space    used 7179K, committed 7424K, reserved 1048576K
}
Event: 23.629 GC heap before
{Heap before GC invocations=15 (full 0):
 garbage-first heap   total 58368K, used 45972K [0x000000008c200000, 0x0000000100000000)
  region size 1024K, 21 young (21504K), 2 survivors (2048K)
 Metaspace       used 59768K, committed 60288K, reserved 1114112K
  class space    used 8086K, committed 8320K, reserved 1048576K
}
Event: 23.631 GC heap after
{Heap after GC invocations=16 (full 0):
 garbage-first heap   total 58368K, used 26987K [0x000000008c200000, 0x0000000100000000)
  region size 1024K, 2 young (2048K), 2 survivors (2048K)
 Metaspace       used 59768K, committed 60288K, reserved 1114112K
  class space    used 8086K, committed 8320K, reserved 1048576K
}
Event: 23.659 GC heap before
{Heap before GC invocations=16 (full 0):
 garbage-first heap   total 58368K, used 26987K [0x000000008c200000, 0x0000000100000000)
  region size 1024K, 3 young (3072K), 2 survivors (2048K)
 Metaspace       used 59963K, committed 60480K, reserved 1114112K
  class space    used 8113K, committed 8384K, reserved 1048576K
}
Event: 23.662 GC heap after
{Heap after GC invocations=17 (full 0):
 garbage-first heap   total 58368K, used 27015K [0x000000008c200000, 0x0000000100000000)
  region size 1024K, 2 young (2048K), 2 survivors (2048K)
 Metaspace       used 59963K, committed 60480K, reserved 1114112K
  class space    used 8113K, committed 8384K, reserved 1048576K
}
Event: 25.120 GC heap before
{Heap before GC invocations=18 (full 0):
 garbage-first heap   total 58368K, used 46471K [0x000000008c200000, 0x0000000100000000)
  region size 1024K, 22 young (22528K), 2 survivors (2048K)
 Metaspace       used 63757K, committed 64384K, reserved 1114112K
  class space    used 8681K, committed 8960K, reserved 1048576K
}
Event: 25.124 GC heap after
{Heap after GC invocations=19 (full 0):
 garbage-first heap   total 58368K, used 28182K [0x000000008c200000, 0x0000000100000000)
  region size 1024K, 3 young (3072K), 3 survivors (3072K)
 Metaspace       used 63757K, committed 64384K, reserved 1114112K
  class space    used 8681K, committed 8960K, reserved 1048576K
}

Deoptimization events (20 events):
Event: 25.383 Thread 0x0000027370b022c0 Uncommon trap: trap_request=0xffffff76 fr.pc=0x000002735da2c59c relative=0x0000000000003afc
Event: 25.383 Thread 0x0000027370b022c0 Uncommon trap: reason=predicate action=maybe_recompile pc=0x000002735da2c59c method=org.springframework.util.ReflectionUtils.doWithMethods(Ljava/lang/Class;Lorg/springframework/util/ReflectionUtils$MethodCallback;Lorg/springframework/util/ReflectionUtils$
Event: 25.383 Thread 0x0000027370b022c0 DEOPT PACKING pc=0x000002735da2c59c sp=0x000000f8a10fa9b0
Event: 25.383 Thread 0x0000027370b022c0 DEOPT UNPACKING pc=0x000002735d2a23a3 sp=0x000000f8a10faa08 mode 2
Event: 25.504 Thread 0x0000027370b022c0 Uncommon trap: trap_request=0xffffff45 fr.pc=0x000002735d9f70e4 relative=0x00000000000011a4
Event: 25.504 Thread 0x0000027370b022c0 Uncommon trap: reason=unstable_if action=reinterpret pc=0x000002735d9f70e4 method=java.util.concurrent.ConcurrentHashMap.computeIfAbsent(Ljava/lang/Object;Ljava/util/function/Function;)Ljava/lang/Object; @ 123 c2
Event: 25.504 Thread 0x0000027370b022c0 DEOPT PACKING pc=0x000002735d9f70e4 sp=0x000000f8a10faa50
Event: 25.504 Thread 0x0000027370b022c0 DEOPT UNPACKING pc=0x000002735d2a23a3 sp=0x000000f8a10fa9e0 mode 2
Event: 25.614 Thread 0x0000027370b022c0 Uncommon trap: trap_request=0xffffff76 fr.pc=0x000002735d9bc4e4 relative=0x0000000000000344
Event: 25.614 Thread 0x0000027370b022c0 Uncommon trap: reason=predicate action=maybe_recompile pc=0x000002735d9bc4e4 method=java.util.Arrays$ArrayList.indexOf(Ljava/lang/Object;)I @ 39 c2
Event: 25.614 Thread 0x0000027370b022c0 DEOPT PACKING pc=0x000002735d9bc4e4 sp=0x000000f8a10fabf0
Event: 25.614 Thread 0x0000027370b022c0 DEOPT UNPACKING pc=0x000002735d2a23a3 sp=0x000000f8a10fab88 mode 2
Event: 25.971 Thread 0x0000027370b022c0 Uncommon trap: trap_request=0xffffff45 fr.pc=0x000002735db17ef0 relative=0x0000000000001150
Event: 25.971 Thread 0x0000027370b022c0 Uncommon trap: reason=unstable_if action=reinterpret pc=0x000002735db17ef0 method=org.springframework.core.BridgeMethodResolver.getMostSpecificMethod(Ljava/lang/reflect/Method;Ljava/lang/Class;)Ljava/lang/reflect/Method; @ 15 c2
Event: 25.971 Thread 0x0000027370b022c0 DEOPT PACKING pc=0x000002735db17ef0 sp=0x000000f8a10fa6e0
Event: 25.971 Thread 0x0000027370b022c0 DEOPT UNPACKING pc=0x000002735d2a23a3 sp=0x000000f8a10fa748 mode 2
Event: 26.005 Thread 0x0000027370b022c0 Uncommon trap: trap_request=0xffffff45 fr.pc=0x000002735d9baa34 relative=0x0000000000000cd4
Event: 26.005 Thread 0x0000027370b022c0 Uncommon trap: reason=unstable_if action=reinterpret pc=0x000002735d9baa34 method=sun.reflect.annotation.AnnotationInvocationHandler.invoke(Ljava/lang/Object;Ljava/lang/reflect/Method;[Ljava/lang/Object;)Ljava/lang/Object; @ 76 c2
Event: 26.005 Thread 0x0000027370b022c0 DEOPT PACKING pc=0x000002735d9baa34 sp=0x000000f8a10fb590
Event: 26.005 Thread 0x0000027370b022c0 DEOPT UNPACKING pc=0x000002735d2a23a3 sp=0x000000f8a10fb560 mode 2

Classes unloaded (0 events):
No events

Classes redefined (0 events):
No events

Internal exceptions (20 events):
Event: 23.914 Thread 0x0000027370b022c0 Exception <a 'java/lang/NoSuchMethodError'{0x000000009046e3c0}: 'java.lang.Object java.lang.invoke.DirectMethodHandle$Holder.newInvokeSpecial(java.lang.Object, java.lang.Object, java.lang.Object, java.lang.Object, java.lang.Object, int, java.lang.Object)'> (0x000000009046e3c0) 
thrown [s\open\src\hotspot\share\interpreter\linkResolver.cpp, line 759]
Event: 23.926 Thread 0x0000027370b022c0 Exception <a 'java/lang/NoSuchMethodError'{0x00000000904a5d18}: 'java.lang.Object java.lang.invoke.DirectMethodHandle$Holder.newInvokeSpecial(java.lang.Object, java.lang.Object, java.lang.Object, java.lang.Object, java.lang.Object, java.lang.Object, java.lang.Object, java.lang.Object, java.lang.Object, java.lang.Object, java.lang.Object, java.lang.Object)'> (0x00000000904a5d18) 
thrown [s\open\src\hotspot\share\interpreter\linkResolver.cpp, line 759]
Event: 23.927 Thread 0x0000027370b022c0 Exception <a 'java/lang/NoSuchMethodError'{0x00000000904aafa8}: 'java.lang.Object java.lang.invoke.DirectMethodHandle$Holder.invokeSpecial(java.lang.Object, java.lang.Object, java.lang.Object, java.lang.Object, java.lang.Object, java.lang.Object, java.lang.Object, java.lang.Object, java.lang.Object, java.lang.Object, java.lang.Object, java.lang.Object, java.lang.Object)'> (0x00000000904aafa8) 
thrown [s\open\src\hotspot\share\interpreter\linkResolver.cpp, line 759]
Event: 23.928 Thread 0x0000027370b022c0 Exception <a 'java/lang/NoSuchMethodError'{0x00000000904afeb8}: 'java.lang.Object java.lang.invoke.Invokers$Holder.linkToTargetMethod(java.lang.Object, java.lang.Object, java.lang.Object, java.lang.Object, java.lang.Object, java.lang.Object, java.lang.Object, java.lang.Object, java.lang.Object, java.lang.Object, java.lang.Object, java.lang.Object)'> (0x00000000904afeb8) 
thrown [s\open\src\hotspot\share\interpreter\linkResolver.cpp, line 759]
Event: 24.038 Thread 0x0000027370b022c0 Exception <a 'java/lang/IncompatibleClassChangeError'{0x0000000090240c38}: Found class java.lang.Object, but interface was expected> (0x0000000090240c38) 
thrown [s\open\src\hotspot\share\interpreter\linkResolver.cpp, line 826]
Event: 24.080 Thread 0x0000027370b022c0 Exception <a 'java/lang/NoSuchMethodError'{0x00000000902e2860}: 'java.lang.Object java.lang.invoke.DirectMethodHandle$Holder.newInvokeSpecial(java.lang.Object, java.lang.Object, int, java.lang.Object, int, java.lang.Object, java.lang.Object)'> (0x00000000902e2860) 
thrown [s\open\src\hotspot\share\interpreter\linkResolver.cpp, line 759]
Event: 24.112 Thread 0x0000027370b022c0 Exception <a 'java/lang/NoSuchMethodError'{0x000000008f260ef0}: 'java.lang.Object java.lang.invoke.DirectMethodHandle$Holder.newInvokeSpecial(java.lang.Object, java.lang.Object, java.lang.Object, java.lang.Object, java.lang.Object, java.lang.Object, java.lang.Object, int)'> (0x000000008f260ef0) 
thrown [s\open\src\hotspot\share\interpreter\linkResolver.cpp, line 759]
Event: 24.113 Thread 0x0000027370b022c0 Exception <a 'java/lang/NoSuchMethodError'{0x000000008f266b58}: 'java.lang.Object java.lang.invoke.DirectMethodHandle$Holder.invokeSpecial(java.lang.Object, java.lang.Object, java.lang.Object, java.lang.Object, java.lang.Object, java.lang.Object, java.lang.Object, java.lang.Object, int)'> (0x000000008f266b58) 
thrown [s\open\src\hotspot\share\interpreter\linkResolver.cpp, line 759]
Event: 24.115 Thread 0x0000027370b022c0 Exception <a 'java/lang/NoSuchMethodError'{0x000000008f26be18}: 'java.lang.Object java.lang.invoke.Invokers$Holder.linkToTargetMethod(java.lang.Object, java.lang.Object, java.lang.Object, java.lang.Object, java.lang.Object, java.lang.Object, int, java.lang.Object)'> (0x000000008f26be18) 
thrown [s\open\src\hotspot\share\interpreter\linkResolver.cpp, line 759]
Event: 24.172 Thread 0x0000027370b022c0 Exception <a 'java/lang/NoSuchMethodError'{0x000000008f14cb48}: 'void java.lang.invoke.DirectMethodHandle$Holder.invokeInterface(java.lang.Object, java.lang.Object)'> (0x000000008f14cb48) 
thrown [s\open\src\hotspot\share\interpreter\linkResolver.cpp, line 759]
Event: 24.683 Thread 0x0000027370b022c0 Exception <a 'java/lang/NoSuchMethodError'{0x000000008ed5aa18}: 'java.lang.Object java.lang.invoke.DirectMethodHandle$Holder.invokeSpecial(java.lang.Object, java.lang.Object, int, java.lang.Object, int)'> (0x000000008ed5aa18) 
thrown [s\open\src\hotspot\share\interpreter\linkResolver.cpp, line 759]
Event: 24.947 Thread 0x0000027370b022c0 Implicit null exception at 0x000002735d9da17a to 0x000002735d9dc8b0
Event: 24.975 Thread 0x0000027370b022c0 Exception <a 'java/lang/IncompatibleClassChangeError'{0x000000008e770490}: Found class java.lang.Object, but interface was expected> (0x000000008e770490) 
thrown [s\open\src\hotspot\share\interpreter\linkResolver.cpp, line 826]
Event: 25.095 Thread 0x0000027370b022c0 Exception <a 'java/lang/IncompatibleClassChangeError'{0x000000008e5b9fd8}: Found class java.lang.Object, but interface was expected> (0x000000008e5b9fd8) 
thrown [s\open\src\hotspot\share\interpreter\linkResolver.cpp, line 826]
Event: 25.502 Thread 0x0000027370b022c0 Exception <a 'java/lang/IncompatibleClassChangeError'{0x0000000090388890}: Found class java.lang.Object, but interface was expected> (0x0000000090388890) 
thrown [s\open\src\hotspot\share\interpreter\linkResolver.cpp, line 826]
Event: 25.672 Thread 0x0000027370b022c0 Exception <a 'java/lang/reflect/InvocationTargetException'{0x000000008f2b8640}> (0x000000008f2b8640) 
thrown [s\open\src\hotspot\share\runtime\reflection.cpp, line 1121]
Event: 25.719 Thread 0x0000027370b022c0 Exception <a 'java/lang/NoSuchMethodError'{0x000000008f11a870}: 'int java.lang.invoke.DirectMethodHandle$Holder.invokeStatic(java.lang.Object, java.lang.Object, int)'> (0x000000008f11a870) 
thrown [s\open\src\hotspot\share\interpreter\linkResolver.cpp, line 759]
Event: 25.740 Thread 0x0000027370b022c0 Exception <a 'java/lang/IncompatibleClassChangeError'{0x000000008f159508}: Found class java.lang.Object, but interface was expected> (0x000000008f159508) 
thrown [s\open\src\hotspot\share\interpreter\linkResolver.cpp, line 826]
Event: 25.741 Thread 0x0000027370b022c0 Exception <a 'java/lang/IncompatibleClassChangeError'{0x000000008f160048}: Found class java.lang.Object, but interface was expected> (0x000000008f160048) 
thrown [s\open\src\hotspot\share\interpreter\linkResolver.cpp, line 826]
Event: 25.908 Thread 0x0000027370b022c0 Exception <a 'java/lang/NoSuchMethodError'{0x000000008ef10388}: 'java.lang.Object java.lang.invoke.DirectMethodHandle$Holder.invokeStatic(java.lang.Object, int, java.lang.Object)'> (0x000000008ef10388) 
thrown [s\open\src\hotspot\share\interpreter\linkResolver.cpp, line 759]

VM Operations (20 events):
Event: 23.629 Executing VM operation: G1CollectForAllocation
Event: 23.631 Executing VM operation: G1CollectForAllocation done
Event: 23.659 Executing VM operation: CollectForMetadataAllocation
Event: 23.662 Executing VM operation: CollectForMetadataAllocation done
Event: 23.697 Executing VM operation: G1Concurrent
Event: 23.702 Executing VM operation: G1Concurrent done
Event: 23.717 Executing VM operation: G1Concurrent
Event: 23.717 Executing VM operation: G1Concurrent done
Event: 24.549 Executing VM operation: HandshakeAllThreads
Event: 24.549 Executing VM operation: HandshakeAllThreads done
Event: 25.120 Executing VM operation: G1CollectForAllocation
Event: 25.124 Executing VM operation: G1CollectForAllocation done
Event: 25.502 Executing VM operation: HandshakeAllThreads
Event: 25.502 Executing VM operation: HandshakeAllThreads done
Event: 25.533 Executing VM operation: HandshakeAllThreads
Event: 25.533 Executing VM operation: HandshakeAllThreads done
Event: 25.534 Executing VM operation: HandshakeAllThreads
Event: 25.534 Executing VM operation: HandshakeAllThreads done
Event: 26.534 Executing VM operation: Cleanup
Event: 26.534 Executing VM operation: Cleanup done

Events (20 events):
Event: 25.576 loading class java/util/stream/ReduceOps$CountingSink$OfRef done
Event: 25.736 loading class java/util/regex/Pattern$1
Event: 25.737 loading class java/util/regex/Pattern$1 done
Event: 25.825 loading class java/util/regex/Pattern$Bound
Event: 25.826 loading class java/util/regex/Pattern$Bound done
Event: 25.829 loading class java/util/regex/Pattern$Behind
Event: 25.829 loading class java/util/regex/Pattern$Behind done
Event: 25.939 Thread 0x0000027371faaaf0 Thread added: 0x0000027371faaaf0
Event: 25.991 loading class com/sun/crypto/provider/KeyGeneratorCore$HmacKG$SHA256
Event: 25.992 loading class com/sun/crypto/provider/KeyGeneratorCore$HmacKG
Event: 25.993 loading class com/sun/crypto/provider/KeyGeneratorCore$HmacKG done
Event: 25.993 loading class com/sun/crypto/provider/KeyGeneratorCore$HmacKG$SHA256 done
Event: 25.993 loading class com/sun/crypto/provider/KeyGeneratorCore
Event: 25.994 loading class com/sun/crypto/provider/KeyGeneratorCore done
Event: 25.994 loading class com/sun/crypto/provider/SunJCE$SecureRandomHolder
Event: 25.994 loading class com/sun/crypto/provider/SunJCE$SecureRandomHolder done
Event: 25.995 loading class javax/security/auth/DestroyFailedException
Event: 25.995 loading class javax/security/auth/DestroyFailedException done
Event: 26.005 loading class jdk/internal/reflect/UnsafeLongFieldAccessorImpl
Event: 26.006 loading class jdk/internal/reflect/UnsafeLongFieldAccessorImpl done


Dynamic libraries:
0x00007ff6d8080000 - 0x00007ff6d8090000 	C:\Program Files\Java\jdk-17\bin\java.exe
0x00007ffe1e680000 - 0x00007ffe1e8e3000 	C:\WINDOWS\SYSTEM32\ntdll.dll
0x00007ffe1cb70000 - 0x00007ffe1cc38000 	C:\WINDOWS\System32\KERNEL32.DLL
0x00007ffe1ba80000 - 0x00007ffe1be32000 	C:\WINDOWS\System32\KERNELBASE.dll
0x00007ffe1c230000 - 0x00007ffe1c37b000 	C:\WINDOWS\System32\ucrtbase.dll
0x00007ffe14c80000 - 0x00007ffe14c99000 	C:\Program Files\Java\jdk-17\bin\jli.dll
0x00007ffe14c60000 - 0x00007ffe14c7b000 	C:\Program Files\Java\jdk-17\bin\VCRUNTIME140.dll
0x00007ffe1ca00000 - 0x00007ffe1cab4000 	C:\WINDOWS\System32\ADVAPI32.dll
0x00007ffe1cc40000 - 0x00007ffe1cce9000 	C:\WINDOWS\System32\msvcrt.dll
0x00007ffe1cac0000 - 0x00007ffe1cb66000 	C:\WINDOWS\System32\sechost.dll
0x00007ffe1d900000 - 0x00007ffe1da16000 	C:\WINDOWS\System32\RPCRT4.dll
0x00007ffe1daf0000 - 0x00007ffe1dcb8000 	C:\WINDOWS\System32\USER32.dll
0x00007ffe1ba50000 - 0x00007ffe1ba77000 	C:\WINDOWS\System32\win32u.dll
0x00007ffe07650000 - 0x00007ffe078e0000 	C:\WINDOWS\WinSxS\amd64_microsoft.windows.common-controls_6595b64144ccf1df_6.0.26100.2454_none_3e0b68a2e331ad60\COMCTL32.dll
0x00007ffe1ddb0000 - 0x00007ffe1ddda000 	C:\WINDOWS\System32\GDI32.dll
0x00007ffe1bf80000 - 0x00007ffe1c0ab000 	C:\WINDOWS\System32\gdi32full.dll
0x00007ffe1be40000 - 0x00007ffe1bee3000 	C:\WINDOWS\System32\msvcp_win.dll
0x00007ffe13e60000 - 0x00007ffe13e6b000 	C:\WINDOWS\SYSTEM32\VERSION.dll
0x00007ffe1da20000 - 0x00007ffe1da4f000 	C:\WINDOWS\System32\IMM32.DLL
0x00007ffe172d0000 - 0x00007ffe172dc000 	C:\Program Files\Java\jdk-17\bin\vcruntime140_1.dll
0x00007ffe0bae0000 - 0x00007ffe0bb6e000 	C:\Program Files\Java\jdk-17\bin\msvcp140.dll
0x00007ffdc1f60000 - 0x00007ffdc2b40000 	C:\Program Files\Java\jdk-17\bin\server\jvm.dll
0x00007ffe1dae0000 - 0x00007ffe1dae8000 	C:\WINDOWS\System32\PSAPI.DLL
0x00007ffe12ba0000 - 0x00007ffe12bd6000 	C:\WINDOWS\SYSTEM32\WINMM.dll
0x00007ffe18680000 - 0x00007ffe1868a000 	C:\WINDOWS\SYSTEM32\WSOCK32.dll
0x00007ffe1da60000 - 0x00007ffe1dad4000 	C:\WINDOWS\System32\WS2_32.dll
0x00007ffe1a890000 - 0x00007ffe1a8aa000 	C:\WINDOWS\SYSTEM32\kernel.appcore.dll
0x00007ffe16450000 - 0x00007ffe1645a000 	C:\Program Files\Java\jdk-17\bin\jimage.dll
0x00007ffe0f790000 - 0x00007ffe0f9d1000 	C:\WINDOWS\SYSTEM32\DBGHELP.DLL
0x00007ffe1cf40000 - 0x00007ffe1d2be000 	C:\WINDOWS\System32\combase.dll
0x00007ffe1dcc0000 - 0x00007ffe1dd96000 	C:\WINDOWS\System32\OLEAUT32.dll
0x00007ffe06290000 - 0x00007ffe062c9000 	C:\WINDOWS\SYSTEM32\dbgcore.DLL
0x00007ffe1c380000 - 0x00007ffe1c419000 	C:\WINDOWS\System32\bcryptPrimitives.dll
0x00007ffe14910000 - 0x00007ffe1491e000 	C:\Program Files\Java\jdk-17\bin\instrument.dll
0x00007ffe14c30000 - 0x00007ffe14c55000 	C:\Program Files\Java\jdk-17\bin\java.dll
0x00007ffe0b800000 - 0x00007ffe0b8d7000 	C:\Program Files\Java\jdk-17\bin\jsvml.dll
0x00007ffe1de10000 - 0x00007ffe1e511000 	C:\WINDOWS\System32\SHELL32.dll
0x00007ffe19760000 - 0x00007ffe19f91000 	C:\WINDOWS\SYSTEM32\windows.storage.dll
0x00007ffe1c920000 - 0x00007ffe1c9fa000 	C:\WINDOWS\System32\SHCORE.dll
0x00007ffe1e5e0000 - 0x00007ffe1e63d000 	C:\WINDOWS\System32\shlwapi.dll
0x00007ffe1b960000 - 0x00007ffe1b98e000 	C:\WINDOWS\SYSTEM32\profapi.dll
0x00007ffe14a30000 - 0x00007ffe14a48000 	C:\Program Files\Java\jdk-17\bin\zip.dll
0x00007ffe14b80000 - 0x00007ffe14b99000 	C:\Program Files\Java\jdk-17\bin\net.dll
0x00007ffe170e0000 - 0x00007ffe17206000 	C:\WINDOWS\SYSTEM32\WINHTTP.dll
0x00007ffe1ad90000 - 0x00007ffe1adf8000 	C:\WINDOWS\system32\mswsock.dll
0x00007ffe14b60000 - 0x00007ffe14b76000 	C:\Program Files\Java\jdk-17\bin\nio.dll
0x00007ffe148f0000 - 0x00007ffe1490a000 	C:\Program Files\JetBrains\IntelliJ IDEA Community Edition 2021.2.2\bin\breakgen64.dll
0x00007ffe14a10000 - 0x00007ffe14a1a000 	C:\Program Files\Java\jdk-17\bin\management.dll
0x00007ffe149e0000 - 0x00007ffe149eb000 	C:\Program Files\Java\jdk-17\bin\management_ext.dll
0x00007ffe149d0000 - 0x00007ffe149de000 	C:\Program Files\Java\jdk-17\bin\sunmscapi.dll
0x00007ffe1c0b0000 - 0x00007ffe1c226000 	C:\WINDOWS\System32\CRYPT32.dll
0x00007ffe1b1c0000 - 0x00007ffe1b1f0000 	C:\WINDOWS\SYSTEM32\ncrypt.dll
0x00007ffe1b170000 - 0x00007ffe1b1af000 	C:\WINDOWS\SYSTEM32\NTASN1.dll
0x00007ffe1b030000 - 0x00007ffe1b04c000 	C:\WINDOWS\SYSTEM32\CRYPTSP.dll
0x00007ffe1a7f0000 - 0x00007ffe1a828000 	C:\WINDOWS\system32\rsaenh.dll
0x00007ffe1ae30000 - 0x00007ffe1ae5b000 	C:\WINDOWS\SYSTEM32\USERENV.dll
0x00007ffe1b200000 - 0x00007ffe1b226000 	C:\WINDOWS\SYSTEM32\bcrypt.dll
0x00007ffe1b050000 - 0x00007ffe1b05c000 	C:\WINDOWS\SYSTEM32\CRYPTBASE.dll
0x00007ffe1a2b0000 - 0x00007ffe1a2e2000 	C:\WINDOWS\SYSTEM32\IPHLPAPI.DLL
0x00007ffe1c560000 - 0x00007ffe1c56a000 	C:\WINDOWS\System32\NSI.dll
0x00007ffe17320000 - 0x00007ffe1733e000 	C:\WINDOWS\SYSTEM32\dhcpcsvc6.DLL
0x00007ffe170b0000 - 0x00007ffe170d5000 	C:\WINDOWS\SYSTEM32\dhcpcsvc.DLL
0x00007ffe1a340000 - 0x00007ffe1a465000 	C:\WINDOWS\SYSTEM32\DNSAPI.dll
0x00007ffe14b50000 - 0x00007ffe14b60000 	C:\Program Files\Java\jdk-17\bin\verify.dll
0x00007ffe12b90000 - 0x00007ffe12b9b000 	C:\Windows\System32\rasadhlp.dll
0x00007ffe174e0000 - 0x00007ffe17565000 	C:\WINDOWS\System32\fwpuclnt.dll

dbghelp: loaded successfully - version: 4.0.5 - missing functions: none
symbol engine: initialized successfully - sym options: 0x614 - pdb path: .;C:\Program Files\Java\jdk-17\bin;C:\WINDOWS\SYSTEM32;C:\WINDOWS\WinSxS\amd64_microsoft.windows.common-controls_6595b64144ccf1df_6.0.26100.2454_none_3e0b68a2e331ad60;C:\Program Files\Java\jdk-17\bin\server;C:\Program Files\JetBrains\IntelliJ IDEA Community Edition 2021.2.2\bin

VM Arguments:
jvm_args: -javaagent:C:\Program Files\JetBrains\IntelliJ IDEA Community Edition 2021.2.2\lib\idea_rt.jar=60278:C:\Program Files\JetBrains\IntelliJ IDEA Community Edition 2021.2.2\bin -Dfile.encoding=UTF-8 
java_command: co.ccc.pmv.PmvApplication
java_class_path (initial): C:\Autosmart\pmv\target\classes;C:\Users\shabe\.m2\repository\org\springframework\boot\spring-boot-starter-data-jpa\3.4.3\spring-boot-starter-data-jpa-3.4.3.jar;C:\Users\shabe\.m2\repository\org\springframework\boot\spring-boot-starter\3.4.3\spring-boot-starter-3.4.3.jar;C:\Users\shabe\.m2\repository\org\springframework\boot\spring-boot-starter-logging\3.4.3\spring-boot-starter-logging-3.4.3.jar;C:\Users\shabe\.m2\repository\ch\qos\logback\logback-classic\1.5.16\logback-classic-1.5.16.jar;C:\Users\shabe\.m2\repository\ch\qos\logback\logback-core\1.5.16\logback-core-1.5.16.jar;C:\Users\shabe\.m2\repository\org\apache\logging\log4j\log4j-to-slf4j\2.24.3\log4j-to-slf4j-2.24.3.jar;C:\Users\shabe\.m2\repository\org\slf4j\jul-to-slf4j\2.0.16\jul-to-slf4j-2.0.16.jar;C:\Users\shabe\.m2\repository\jakarta\annotation\jakarta.annotation-api\2.1.1\jakarta.annotation-api-2.1.1.jar;C:\Users\shabe\.m2\repository\org\yaml\snakeyaml\2.3\snakeyaml-2.3.jar;C:\Users\shabe\.m2\repository\org\springframework\boot\spring-boot-starter-jdbc\3.4.3\spring-boot-starter-jdbc-3.4.3.jar;C:\Users\shabe\.m2\repository\com\zaxxer\HikariCP\5.1.0\HikariCP-5.1.0.jar;C:\Users\shabe\.m2\repository\org\springframework\spring-jdbc\6.2.3\spring-jdbc-6.2.3.jar;C:\Users\shabe\.m2\repository\org\hibernate\orm\hibernate-core\6.6.8.Final\hibernate-core-6.6.8.Final.jar;C:\Users\shabe\.m2\repository\jakarta\persistence\jakarta.persistence-api\3.1.0\jakarta.persistence-api-3.1.0.jar;C:\Users\shabe\.m2\repository\jakarta\transaction\jakarta.transaction-api\2.0.1\jakarta.transaction-api-2.0.1.jar;C:\Users\shabe\.m2\repository\org\jboss\logging\jboss-logging\3.6.1.Final\jboss-logging-3.6.1.Final.jar;C:\Users\shabe\.m2\repository\org\hibernate\common\hibernate-commons-annotations\7.0.3.Final\hibernate-commons-annotations-7.0.3.Final.jar;C:\Users\shabe\.m2\repository\io\smallrye\jandex\3.2.0\jandex-3.2.0.jar;C:\Users\shabe\.m2\repository\com\fasterxml\classmate\1.7.0\classmate-1.7.0.jar;C:\U
Launcher Type: SUN_STANDARD

[Global flags]
     intx CICompilerCount                          = 4                                         {product} {ergonomic}
     uint ConcGCThreads                            = 2                                         {product} {ergonomic}
     uint G1ConcRefinementThreads                  = 8                                         {product} {ergonomic}
   size_t G1HeapRegionSize                         = 1048576                                   {product} {ergonomic}
    uintx GCDrainStackTargetSize                   = 64                                        {product} {ergonomic}
   size_t InitialHeapSize                          = 121634816                                 {product} {ergonomic}
   size_t MarkStackSize                            = 4194304                                   {product} {ergonomic}
   size_t MaxHeapSize                              = 1944059904                                {product} {ergonomic}
   size_t MaxNewSize                               = 1166016512                                {product} {ergonomic}
   size_t MinHeapDeltaBytes                        = 1048576                                   {product} {ergonomic}
   size_t MinHeapSize                              = 8388608                                   {product} {ergonomic}
    uintx NonNMethodCodeHeapSize                   = 5839372                                {pd product} {ergonomic}
    uintx NonProfiledCodeHeapSize                  = 122909434                              {pd product} {ergonomic}
    uintx ProfiledCodeHeapSize                     = 122909434                              {pd product} {ergonomic}
    uintx ReservedCodeCacheSize                    = 251658240                              {pd product} {ergonomic}
     bool SegmentedCodeCache                       = true                                      {product} {ergonomic}
   size_t SoftMaxHeapSize                          = 1944059904                             {manageable} {ergonomic}
     bool UseCompressedClassPointers               = true                           {product lp64_product} {ergonomic}
     bool UseCompressedOops                        = true                           {product lp64_product} {ergonomic}
     bool UseG1GC                                  = true                                      {product} {ergonomic}
     bool UseLargePagesIndividualAllocation        = false                                  {pd product} {ergonomic}

Logging:
Log output configuration:
 #0: stdout all=warning uptime,level,tags
 #1: stderr all=off uptime,level,tags

Environment Variables:
JAVA_HOME=C:\Program Files\Java\jdk-17
PATH=C:\Program Files (x86)\Common Files\Oracle\Java\javapath;C:\Program Files\Common Files\Oracle\Java\javapath;C:\WINDOWS\system32;C:\WINDOWS;C:\WINDOWS\System32\Wbem;C:\WINDOWS\System32\WindowsPowerShell\v1.0\;C:\WINDOWS\System32\OpenSSH\;C:\Program Files\Git\cmd;C:\Program Files\PuTTY\;C:\Program Files\nodejs\;C:\Program Files\MySQL\MySQL Shell 8.0\bin\;C:\Users\shabe\AppData\Local\Microsoft\WindowsApps;C:\Users\shabe\AppData\Local\Programs\Microsoft VS Code\bin;C:\apache-maven-3.9.9-bin\apache-maven-3.9.9\bin;C:\Program Files\Java\jdk-17\bin;C:\Users\shabe\AppData\Roaming\npm;
USERNAME=shabe
OS=Windows_NT
PROCESSOR_IDENTIFIER=AMD64 Family 23 Model 160 Stepping 0, AuthenticAMD



---------------  S Y S T E M  ---------------

OS:
 Windows 11 , 64 bit Build 26100 (10.0.26100.2454)
OS uptime: 1 days 22:34 hours
Hyper-V role detected

CPU: total 8 (initial active 8) (8 cores per cpu, 2 threads per core) family 23 model 160 stepping 0 microcode 0x8a00006, cx8, cmov, fxsr, ht, mmx, 3dnowpref, sse, sse2, sse3, ssse3, sse4a, sse4.1, sse4.2, popcnt, lzcnt, tsc, tscinvbit, avx, avx2, aes, clmul, bmi1, bmi2, adx, sha, fma, vzeroupper, clflush, clflushopt, hv

Memory: 4k page, system-wide physical 7413M (550M free)
TotalPageFile size 29941M (AvailPageFile size 4M)
current process WorkingSet (physical memory assigned to process): 238M, peak: 240M
current process commit charge ("private bytes"): 284M, peak: 286M

vm_info: Java HotSpot(TM) 64-Bit Server VM (17.0.12+8-LTS-286) for windows-amd64 JRE (17.0.12+8-LTS-286), built on Jun  5 2024 06:46:59 by "mach5one" with MS VC++ 17.6 (VS2022)

END.
